ARM GAS  C:\Users\STUDEN~1\AppData\Local\Temp\ccFk24vK.s 			page 1


   1              		.syntax unified
   2              		.cpu cortex-m0
   3              		.fpu softvfp
   4              		.eabi_attribute 20, 1
   5              		.eabi_attribute 21, 1
   6              		.eabi_attribute 23, 3
   7              		.eabi_attribute 24, 1
   8              		.eabi_attribute 25, 1
   9              		.eabi_attribute 26, 1
  10              		.eabi_attribute 30, 1
  11              		.eabi_attribute 34, 0
  12              		.eabi_attribute 18, 4
  13              		.thumb
  14              		.syntax unified
  15              		.file	"cyfitter_cfg.c"
  16              		.text
  17              	.Ltext0:
  18              		.cfi_sections	.debug_frame
  19              		.section	.text.cfg_write_bytes32,"ax",%progbits
  20              		.align	2
  21              		.code	16
  22              		.thumb_func
  23              		.type	cfg_write_bytes32, %function
  24              	cfg_write_bytes32:
  25              	.LFB3:
  26              		.file 1 "Generated_Source\\PSoC4\\cyfitter_cfg.c"
   1:Generated_Source\PSoC4/cyfitter_cfg.c **** 
   2:Generated_Source\PSoC4/cyfitter_cfg.c **** /*******************************************************************************
   3:Generated_Source\PSoC4/cyfitter_cfg.c **** * File Name: cyfitter_cfg.c
   4:Generated_Source\PSoC4/cyfitter_cfg.c **** * 
   5:Generated_Source\PSoC4/cyfitter_cfg.c **** * PSoC Creator  4.2
   6:Generated_Source\PSoC4/cyfitter_cfg.c **** *
   7:Generated_Source\PSoC4/cyfitter_cfg.c **** * Description:
   8:Generated_Source\PSoC4/cyfitter_cfg.c **** * This file contains device initialization code.
   9:Generated_Source\PSoC4/cyfitter_cfg.c **** * Except for the user defined sections in CyClockStartupError(), this file should not be modified.
  10:Generated_Source\PSoC4/cyfitter_cfg.c **** * This file is automatically generated by PSoC Creator.
  11:Generated_Source\PSoC4/cyfitter_cfg.c **** *
  12:Generated_Source\PSoC4/cyfitter_cfg.c **** ********************************************************************************
  13:Generated_Source\PSoC4/cyfitter_cfg.c **** * Copyright (c) 2007-2018 Cypress Semiconductor.  All rights reserved.
  14:Generated_Source\PSoC4/cyfitter_cfg.c **** * You may use this file only in accordance with the license, terms, conditions, 
  15:Generated_Source\PSoC4/cyfitter_cfg.c **** * disclaimers, and limitations in the end user license agreement accompanying 
  16:Generated_Source\PSoC4/cyfitter_cfg.c **** * the software package with which this file was provided.
  17:Generated_Source\PSoC4/cyfitter_cfg.c **** ********************************************************************************/
  18:Generated_Source\PSoC4/cyfitter_cfg.c **** 
  19:Generated_Source\PSoC4/cyfitter_cfg.c **** #include <string.h>
  20:Generated_Source\PSoC4/cyfitter_cfg.c **** #include "cytypes.h"
  21:Generated_Source\PSoC4/cyfitter_cfg.c **** #include "cydevice_trm.h"
  22:Generated_Source\PSoC4/cyfitter_cfg.c **** #include "cyfitter.h"
  23:Generated_Source\PSoC4/cyfitter_cfg.c **** #include "CyLib.h"
  24:Generated_Source\PSoC4/cyfitter_cfg.c **** #include "CyLFClk.h"
  25:Generated_Source\PSoC4/cyfitter_cfg.c **** #include "cyfitter_cfg.h"
  26:Generated_Source\PSoC4/cyfitter_cfg.c **** #include "cyapicallbacks.h"
  27:Generated_Source\PSoC4/cyfitter_cfg.c **** 
  28:Generated_Source\PSoC4/cyfitter_cfg.c **** 
  29:Generated_Source\PSoC4/cyfitter_cfg.c **** #if defined(__GNUC__) || defined(__ARMCC_VERSION)
  30:Generated_Source\PSoC4/cyfitter_cfg.c ****     #define CYPACKED 
  31:Generated_Source\PSoC4/cyfitter_cfg.c ****     #define CYPACKED_ATTR __attribute__ ((packed))
ARM GAS  C:\Users\STUDEN~1\AppData\Local\Temp\ccFk24vK.s 			page 2


  32:Generated_Source\PSoC4/cyfitter_cfg.c ****     #define CYALIGNED __attribute__ ((aligned))
  33:Generated_Source\PSoC4/cyfitter_cfg.c ****     #define CY_CFG_UNUSED __attribute__ ((unused))
  34:Generated_Source\PSoC4/cyfitter_cfg.c ****     #ifndef CY_CFG_SECTION
  35:Generated_Source\PSoC4/cyfitter_cfg.c ****         #define CY_CFG_SECTION __attribute__ ((section(".psocinit")))
  36:Generated_Source\PSoC4/cyfitter_cfg.c ****     #endif
  37:Generated_Source\PSoC4/cyfitter_cfg.c ****     
  38:Generated_Source\PSoC4/cyfitter_cfg.c ****     #if defined(__ARMCC_VERSION)
  39:Generated_Source\PSoC4/cyfitter_cfg.c ****         #define CY_CFG_MEMORY_BARRIER() __memory_changed()
  40:Generated_Source\PSoC4/cyfitter_cfg.c ****     #else
  41:Generated_Source\PSoC4/cyfitter_cfg.c ****         #define CY_CFG_MEMORY_BARRIER() __sync_synchronize()
  42:Generated_Source\PSoC4/cyfitter_cfg.c ****     #endif
  43:Generated_Source\PSoC4/cyfitter_cfg.c ****     
  44:Generated_Source\PSoC4/cyfitter_cfg.c **** #elif defined(__ICCARM__)
  45:Generated_Source\PSoC4/cyfitter_cfg.c ****     #include <intrinsics.h>
  46:Generated_Source\PSoC4/cyfitter_cfg.c **** 
  47:Generated_Source\PSoC4/cyfitter_cfg.c ****     #define CYPACKED __packed
  48:Generated_Source\PSoC4/cyfitter_cfg.c ****     #define CYPACKED_ATTR 
  49:Generated_Source\PSoC4/cyfitter_cfg.c ****     #define CYALIGNED _Pragma("data_alignment=4")
  50:Generated_Source\PSoC4/cyfitter_cfg.c ****     #define CY_CFG_UNUSED _Pragma("diag_suppress=Pe177")
  51:Generated_Source\PSoC4/cyfitter_cfg.c ****     #define CY_CFG_SECTION _Pragma("location=\".psocinit\"")
  52:Generated_Source\PSoC4/cyfitter_cfg.c ****     
  53:Generated_Source\PSoC4/cyfitter_cfg.c ****     #define CY_CFG_MEMORY_BARRIER() __DMB()
  54:Generated_Source\PSoC4/cyfitter_cfg.c ****     
  55:Generated_Source\PSoC4/cyfitter_cfg.c **** #else
  56:Generated_Source\PSoC4/cyfitter_cfg.c ****     #error Unsupported toolchain
  57:Generated_Source\PSoC4/cyfitter_cfg.c **** #endif
  58:Generated_Source\PSoC4/cyfitter_cfg.c **** 
  59:Generated_Source\PSoC4/cyfitter_cfg.c **** #ifndef CYCODE
  60:Generated_Source\PSoC4/cyfitter_cfg.c ****     #define CYCODE
  61:Generated_Source\PSoC4/cyfitter_cfg.c **** #endif
  62:Generated_Source\PSoC4/cyfitter_cfg.c **** #ifndef CYDATA
  63:Generated_Source\PSoC4/cyfitter_cfg.c ****     #define CYDATA
  64:Generated_Source\PSoC4/cyfitter_cfg.c **** #endif
  65:Generated_Source\PSoC4/cyfitter_cfg.c **** #ifndef CYFAR
  66:Generated_Source\PSoC4/cyfitter_cfg.c ****     #define CYFAR
  67:Generated_Source\PSoC4/cyfitter_cfg.c **** #endif
  68:Generated_Source\PSoC4/cyfitter_cfg.c **** #ifndef CYXDATA
  69:Generated_Source\PSoC4/cyfitter_cfg.c ****     #define CYXDATA
  70:Generated_Source\PSoC4/cyfitter_cfg.c **** #endif
  71:Generated_Source\PSoC4/cyfitter_cfg.c **** 
  72:Generated_Source\PSoC4/cyfitter_cfg.c **** 
  73:Generated_Source\PSoC4/cyfitter_cfg.c **** CY_CFG_UNUSED
  74:Generated_Source\PSoC4/cyfitter_cfg.c **** static void CYMEMZERO(void *s, size_t n);
  75:Generated_Source\PSoC4/cyfitter_cfg.c **** CY_CFG_UNUSED
  76:Generated_Source\PSoC4/cyfitter_cfg.c **** static void CYMEMZERO(void *s, size_t n)
  77:Generated_Source\PSoC4/cyfitter_cfg.c **** {
  78:Generated_Source\PSoC4/cyfitter_cfg.c **** 	(void)memset(s, 0, n);
  79:Generated_Source\PSoC4/cyfitter_cfg.c **** }
  80:Generated_Source\PSoC4/cyfitter_cfg.c **** CY_CFG_UNUSED
  81:Generated_Source\PSoC4/cyfitter_cfg.c **** static void CYCONFIGCPY(void *dest, const void *src, size_t n);
  82:Generated_Source\PSoC4/cyfitter_cfg.c **** CY_CFG_UNUSED
  83:Generated_Source\PSoC4/cyfitter_cfg.c **** static void CYCONFIGCPY(void *dest, const void *src, size_t n)
  84:Generated_Source\PSoC4/cyfitter_cfg.c **** {
  85:Generated_Source\PSoC4/cyfitter_cfg.c **** 	(void)memcpy(dest, src, n);
  86:Generated_Source\PSoC4/cyfitter_cfg.c **** }
  87:Generated_Source\PSoC4/cyfitter_cfg.c **** CY_CFG_UNUSED
  88:Generated_Source\PSoC4/cyfitter_cfg.c **** static void CYCONFIGCPYCODE(void *dest, const void *src, size_t n);
ARM GAS  C:\Users\STUDEN~1\AppData\Local\Temp\ccFk24vK.s 			page 3


  89:Generated_Source\PSoC4/cyfitter_cfg.c **** CY_CFG_UNUSED
  90:Generated_Source\PSoC4/cyfitter_cfg.c **** static void CYCONFIGCPYCODE(void *dest, const void *src, size_t n)
  91:Generated_Source\PSoC4/cyfitter_cfg.c **** {
  92:Generated_Source\PSoC4/cyfitter_cfg.c **** 	(void)memcpy(dest, src, n);
  93:Generated_Source\PSoC4/cyfitter_cfg.c **** }
  94:Generated_Source\PSoC4/cyfitter_cfg.c **** 
  95:Generated_Source\PSoC4/cyfitter_cfg.c **** 
  96:Generated_Source\PSoC4/cyfitter_cfg.c **** 
  97:Generated_Source\PSoC4/cyfitter_cfg.c **** 
  98:Generated_Source\PSoC4/cyfitter_cfg.c **** /* Clock startup error codes                                                   */
  99:Generated_Source\PSoC4/cyfitter_cfg.c **** #define CYCLOCKSTART_NO_ERROR    0u
 100:Generated_Source\PSoC4/cyfitter_cfg.c **** #define CYCLOCKSTART_XTAL_ERROR  1u
 101:Generated_Source\PSoC4/cyfitter_cfg.c **** #define CYCLOCKSTART_32KHZ_ERROR 2u
 102:Generated_Source\PSoC4/cyfitter_cfg.c **** #define CYCLOCKSTART_PLL_ERROR   3u
 103:Generated_Source\PSoC4/cyfitter_cfg.c **** #define CYCLOCKSTART_FLL_ERROR   4u
 104:Generated_Source\PSoC4/cyfitter_cfg.c **** #define CYCLOCKSTART_WCO_ERROR   5u
 105:Generated_Source\PSoC4/cyfitter_cfg.c **** 
 106:Generated_Source\PSoC4/cyfitter_cfg.c **** 
 107:Generated_Source\PSoC4/cyfitter_cfg.c **** #ifdef CY_NEED_CYCLOCKSTARTUPERROR
 108:Generated_Source\PSoC4/cyfitter_cfg.c **** /*******************************************************************************
 109:Generated_Source\PSoC4/cyfitter_cfg.c **** * Function Name: CyClockStartupError
 110:Generated_Source\PSoC4/cyfitter_cfg.c **** ********************************************************************************
 111:Generated_Source\PSoC4/cyfitter_cfg.c **** * Summary:
 112:Generated_Source\PSoC4/cyfitter_cfg.c **** *  If an error is encountered during clock configuration (crystal startup error,
 113:Generated_Source\PSoC4/cyfitter_cfg.c **** *  PLL lock error, etc.), the system will end up here.  Unless reimplemented by
 114:Generated_Source\PSoC4/cyfitter_cfg.c **** *  the customer, this function will stop in an infinite loop.
 115:Generated_Source\PSoC4/cyfitter_cfg.c **** *
 116:Generated_Source\PSoC4/cyfitter_cfg.c **** * Parameters:
 117:Generated_Source\PSoC4/cyfitter_cfg.c **** *   void
 118:Generated_Source\PSoC4/cyfitter_cfg.c **** *
 119:Generated_Source\PSoC4/cyfitter_cfg.c **** * Return:
 120:Generated_Source\PSoC4/cyfitter_cfg.c **** *   void
 121:Generated_Source\PSoC4/cyfitter_cfg.c **** *
 122:Generated_Source\PSoC4/cyfitter_cfg.c **** *******************************************************************************/
 123:Generated_Source\PSoC4/cyfitter_cfg.c **** CY_CFG_UNUSED
 124:Generated_Source\PSoC4/cyfitter_cfg.c **** static void CyClockStartupError(uint8 errorCode);
 125:Generated_Source\PSoC4/cyfitter_cfg.c **** CY_CFG_UNUSED
 126:Generated_Source\PSoC4/cyfitter_cfg.c **** static void CyClockStartupError(uint8 errorCode)
 127:Generated_Source\PSoC4/cyfitter_cfg.c **** {
 128:Generated_Source\PSoC4/cyfitter_cfg.c ****     /* To remove the compiler warning if errorCode not used.                */
 129:Generated_Source\PSoC4/cyfitter_cfg.c ****     errorCode = errorCode;
 130:Generated_Source\PSoC4/cyfitter_cfg.c **** 
 131:Generated_Source\PSoC4/cyfitter_cfg.c ****     /* If we have a clock startup error (bad MHz crystal, PLL lock, etc.),  */
 132:Generated_Source\PSoC4/cyfitter_cfg.c ****     /* we will end up here to allow the customer to implement something to  */
 133:Generated_Source\PSoC4/cyfitter_cfg.c ****     /* deal with the clock condition.                                       */
 134:Generated_Source\PSoC4/cyfitter_cfg.c **** 
 135:Generated_Source\PSoC4/cyfitter_cfg.c **** #ifdef CY_CFG_CLOCK_STARTUP_ERROR_CALLBACK
 136:Generated_Source\PSoC4/cyfitter_cfg.c ****     CY_CFG_Clock_Startup_ErrorCallback();
 137:Generated_Source\PSoC4/cyfitter_cfg.c **** #else
 138:Generated_Source\PSoC4/cyfitter_cfg.c ****     /*  If not using CY_CFG_CLOCK_STARTUP_ERROR_CALLBACK, place your clock startup code here. */
 139:Generated_Source\PSoC4/cyfitter_cfg.c ****     /* `#START CyClockStartupError` */
 140:Generated_Source\PSoC4/cyfitter_cfg.c **** 
 141:Generated_Source\PSoC4/cyfitter_cfg.c **** 
 142:Generated_Source\PSoC4/cyfitter_cfg.c **** 
 143:Generated_Source\PSoC4/cyfitter_cfg.c ****     /* `#END` */
 144:Generated_Source\PSoC4/cyfitter_cfg.c **** 
 145:Generated_Source\PSoC4/cyfitter_cfg.c ****     while(1) {}
ARM GAS  C:\Users\STUDEN~1\AppData\Local\Temp\ccFk24vK.s 			page 4


 146:Generated_Source\PSoC4/cyfitter_cfg.c **** #endif /* CY_CFG_CLOCK_STARTUP_ERROR_CALLBACK */
 147:Generated_Source\PSoC4/cyfitter_cfg.c **** }
 148:Generated_Source\PSoC4/cyfitter_cfg.c **** #endif
 149:Generated_Source\PSoC4/cyfitter_cfg.c **** 
 150:Generated_Source\PSoC4/cyfitter_cfg.c **** #define CY_CFG_BASE_ADDR_COUNT 6u
 151:Generated_Source\PSoC4/cyfitter_cfg.c **** CYPACKED typedef struct
 152:Generated_Source\PSoC4/cyfitter_cfg.c **** {
 153:Generated_Source\PSoC4/cyfitter_cfg.c **** 	uint8 offset;
 154:Generated_Source\PSoC4/cyfitter_cfg.c **** 	uint8 value;
 155:Generated_Source\PSoC4/cyfitter_cfg.c **** } CYPACKED_ATTR cy_cfg_addrvalue_t;
 156:Generated_Source\PSoC4/cyfitter_cfg.c **** 
 157:Generated_Source\PSoC4/cyfitter_cfg.c **** 
 158:Generated_Source\PSoC4/cyfitter_cfg.c **** 
 159:Generated_Source\PSoC4/cyfitter_cfg.c **** /*******************************************************************************
 160:Generated_Source\PSoC4/cyfitter_cfg.c **** * Function Name: cfg_write_bytes32
 161:Generated_Source\PSoC4/cyfitter_cfg.c **** ********************************************************************************
 162:Generated_Source\PSoC4/cyfitter_cfg.c **** * Summary:
 163:Generated_Source\PSoC4/cyfitter_cfg.c **** *  This function is used for setting up the chip configuration areas that
 164:Generated_Source\PSoC4/cyfitter_cfg.c **** *  contain relatively sparse data.
 165:Generated_Source\PSoC4/cyfitter_cfg.c **** *
 166:Generated_Source\PSoC4/cyfitter_cfg.c **** * Parameters:
 167:Generated_Source\PSoC4/cyfitter_cfg.c **** *   void
 168:Generated_Source\PSoC4/cyfitter_cfg.c **** *
 169:Generated_Source\PSoC4/cyfitter_cfg.c **** * Return:
 170:Generated_Source\PSoC4/cyfitter_cfg.c **** *   void
 171:Generated_Source\PSoC4/cyfitter_cfg.c **** *
 172:Generated_Source\PSoC4/cyfitter_cfg.c **** *******************************************************************************/
 173:Generated_Source\PSoC4/cyfitter_cfg.c **** static void cfg_write_bytes32(const uint32 addr_table[], const cy_cfg_addrvalue_t data_table[]);
 174:Generated_Source\PSoC4/cyfitter_cfg.c **** static void cfg_write_bytes32(const uint32 addr_table[], const cy_cfg_addrvalue_t data_table[])
 175:Generated_Source\PSoC4/cyfitter_cfg.c **** {
  27              		.loc 1 175 0
  28              		.cfi_startproc
  29              		@ args = 0, pretend = 0, frame = 0
  30              		@ frame_needed = 0, uses_anonymous_args = 0
  31              	.LVL0:
  32 0000 F0B5     		push	{r4, r5, r6, r7, lr}
  33              		.cfi_def_cfa_offset 20
  34              		.cfi_offset 4, -20
  35              		.cfi_offset 5, -16
  36              		.cfi_offset 6, -12
  37              		.cfi_offset 7, -8
  38              		.cfi_offset 14, -4
  39              	.LVL1:
 176:Generated_Source\PSoC4/cyfitter_cfg.c **** 	/* For 32-bit little-endian architectures */
 177:Generated_Source\PSoC4/cyfitter_cfg.c **** 	uint32 i, j = 0u;
  40              		.loc 1 177 0
  41 0002 0025     		movs	r5, #0
 178:Generated_Source\PSoC4/cyfitter_cfg.c **** 	for (i = 0u; i < CY_CFG_BASE_ADDR_COUNT; i++)
  42              		.loc 1 178 0
  43 0004 0027     		movs	r7, #0
  44 0006 11E0     		b	.L2
  45              	.LVL2:
  46              	.L5:
  47              	.LBB2:
 179:Generated_Source\PSoC4/cyfitter_cfg.c **** 	{
 180:Generated_Source\PSoC4/cyfitter_cfg.c **** 		uint32 baseAddr = addr_table[i];
  48              		.loc 1 180 0
ARM GAS  C:\Users\STUDEN~1\AppData\Local\Temp\ccFk24vK.s 			page 5


  49 0008 BB00     		lsls	r3, r7, #2
  50 000a C658     		ldr	r6, [r0, r3]
  51              	.LVL3:
 181:Generated_Source\PSoC4/cyfitter_cfg.c **** 		uint8 count = (uint8)baseAddr;
  52              		.loc 1 181 0
  53 000c F3B2     		uxtb	r3, r6
  54              	.LVL4:
 182:Generated_Source\PSoC4/cyfitter_cfg.c **** 		baseAddr &= 0xFFFFFF00u;
  55              		.loc 1 182 0
  56 000e FF22     		movs	r2, #255
  57 0010 9643     		bics	r6, r2
  58              	.LVL5:
 183:Generated_Source\PSoC4/cyfitter_cfg.c **** 		while (count != 0u)
  59              		.loc 1 183 0
  60 0012 08E0     		b	.L3
  61              	.L4:
 184:Generated_Source\PSoC4/cyfitter_cfg.c **** 		{
 185:Generated_Source\PSoC4/cyfitter_cfg.c **** 			CY_SET_REG8((void *)(baseAddr + data_table[j].offset), data_table[j].value);
  62              		.loc 1 185 0
  63 0014 6A00     		lsls	r2, r5, #1
  64 0016 8A18     		adds	r2, r1, r2
  65 0018 1478     		ldrb	r4, [r2]
  66 001a A419     		adds	r4, r4, r6
  67 001c 5278     		ldrb	r2, [r2, #1]
  68 001e 2270     		strb	r2, [r4]
 186:Generated_Source\PSoC4/cyfitter_cfg.c **** 			j++;
  69              		.loc 1 186 0
  70 0020 0135     		adds	r5, r5, #1
  71              	.LVL6:
 187:Generated_Source\PSoC4/cyfitter_cfg.c **** 			count--;
  72              		.loc 1 187 0
  73 0022 013B     		subs	r3, r3, #1
  74              	.LVL7:
  75 0024 DBB2     		uxtb	r3, r3
  76              	.LVL8:
  77              	.L3:
 183:Generated_Source\PSoC4/cyfitter_cfg.c **** 		{
  78              		.loc 1 183 0
  79 0026 002B     		cmp	r3, #0
  80 0028 F4D1     		bne	.L4
  81              	.LBE2:
 178:Generated_Source\PSoC4/cyfitter_cfg.c **** 	{
  82              		.loc 1 178 0 discriminator 2
  83 002a 0137     		adds	r7, r7, #1
  84              	.LVL9:
  85              	.L2:
 178:Generated_Source\PSoC4/cyfitter_cfg.c **** 	{
  86              		.loc 1 178 0 is_stmt 0 discriminator 1
  87 002c 052F     		cmp	r7, #5
  88 002e EBD9     		bls	.L5
 188:Generated_Source\PSoC4/cyfitter_cfg.c **** 		}
 189:Generated_Source\PSoC4/cyfitter_cfg.c **** 	}
 190:Generated_Source\PSoC4/cyfitter_cfg.c **** }
  89              		.loc 1 190 0 is_stmt 1
  90              		@ sp needed
  91              	.LVL10:
  92              	.LVL11:
ARM GAS  C:\Users\STUDEN~1\AppData\Local\Temp\ccFk24vK.s 			page 6


  93 0030 F0BD     		pop	{r4, r5, r6, r7, pc}
  94              		.cfi_endproc
  95              	.LFE3:
  96              		.size	cfg_write_bytes32, .-cfg_write_bytes32
  97 0032 C046     		.section	.text.CYMEMZERO,"ax",%progbits
  98              		.align	2
  99              		.code	16
 100              		.thumb_func
 101              		.type	CYMEMZERO, %function
 102              	CYMEMZERO:
 103              	.LFB0:
  77:Generated_Source\PSoC4/cyfitter_cfg.c **** 	(void)memset(s, 0, n);
 104              		.loc 1 77 0
 105              		.cfi_startproc
 106              		@ args = 0, pretend = 0, frame = 0
 107              		@ frame_needed = 0, uses_anonymous_args = 0
 108              	.LVL12:
 109 0000 10B5     		push	{r4, lr}
 110              		.cfi_def_cfa_offset 8
 111              		.cfi_offset 4, -8
 112              		.cfi_offset 14, -4
 113 0002 0A00     		movs	r2, r1
  78:Generated_Source\PSoC4/cyfitter_cfg.c **** }
 114              		.loc 1 78 0
 115 0004 0021     		movs	r1, #0
 116              	.LVL13:
 117 0006 FFF7FEFF 		bl	memset
 118              	.LVL14:
  79:Generated_Source\PSoC4/cyfitter_cfg.c **** CY_CFG_UNUSED
 119              		.loc 1 79 0
 120              		@ sp needed
 121 000a 10BD     		pop	{r4, pc}
 122              		.cfi_endproc
 123              	.LFE0:
 124              		.size	CYMEMZERO, .-CYMEMZERO
 125              		.section	.psocinit,"ax",%progbits
 126              		.align	2
 127              		.code	16
 128              		.thumb_func
 129              		.type	ClockSetup, %function
 130              	ClockSetup:
 131              	.LFB4:
 191:Generated_Source\PSoC4/cyfitter_cfg.c **** 
 192:Generated_Source\PSoC4/cyfitter_cfg.c **** 
 193:Generated_Source\PSoC4/cyfitter_cfg.c **** /*******************************************************************************
 194:Generated_Source\PSoC4/cyfitter_cfg.c **** * Function Name: ClockSetup
 195:Generated_Source\PSoC4/cyfitter_cfg.c **** ********************************************************************************
 196:Generated_Source\PSoC4/cyfitter_cfg.c **** *
 197:Generated_Source\PSoC4/cyfitter_cfg.c **** * Summary:
 198:Generated_Source\PSoC4/cyfitter_cfg.c **** *   Performs the initialization of all of the clocks in the device based on the
 199:Generated_Source\PSoC4/cyfitter_cfg.c **** *   settings in the Clock tab of the DWR.  This includes enabling the requested
 200:Generated_Source\PSoC4/cyfitter_cfg.c **** *   clocks and setting the necessary dividers to produce the desired frequency. 
 201:Generated_Source\PSoC4/cyfitter_cfg.c **** *
 202:Generated_Source\PSoC4/cyfitter_cfg.c **** * Parameters:
 203:Generated_Source\PSoC4/cyfitter_cfg.c **** *   void
 204:Generated_Source\PSoC4/cyfitter_cfg.c **** *
 205:Generated_Source\PSoC4/cyfitter_cfg.c **** * Return:
ARM GAS  C:\Users\STUDEN~1\AppData\Local\Temp\ccFk24vK.s 			page 7


 206:Generated_Source\PSoC4/cyfitter_cfg.c **** *   void
 207:Generated_Source\PSoC4/cyfitter_cfg.c **** *
 208:Generated_Source\PSoC4/cyfitter_cfg.c **** *******************************************************************************/
 209:Generated_Source\PSoC4/cyfitter_cfg.c **** static void ClockSetup(void);
 210:Generated_Source\PSoC4/cyfitter_cfg.c **** CY_CFG_SECTION
 211:Generated_Source\PSoC4/cyfitter_cfg.c **** static void ClockSetup(void)
 212:Generated_Source\PSoC4/cyfitter_cfg.c **** {
 132              		.loc 1 212 0
 133              		.cfi_startproc
 134              		@ args = 0, pretend = 0, frame = 0
 135              		@ frame_needed = 0, uses_anonymous_args = 0
 136 0000 70B5     		push	{r4, r5, r6, lr}
 137              		.cfi_def_cfa_offset 16
 138              		.cfi_offset 4, -16
 139              		.cfi_offset 5, -12
 140              		.cfi_offset 6, -8
 141              		.cfi_offset 14, -4
 213:Generated_Source\PSoC4/cyfitter_cfg.c **** 	/* Enable HALF_EN before trimming for the flash accelerator. */
 214:Generated_Source\PSoC4/cyfitter_cfg.c **** 	CY_SET_REG32((void CYXDATA *)(CYREG_CLK_SELECT), (CY_GET_REG32((void *)CYREG_CLK_SELECT) | 0x00040
 142              		.loc 1 214 0
 143 0002 144C     		ldr	r4, .L8
 144 0004 2368     		ldr	r3, [r4]
 145 0006 8022     		movs	r2, #128
 146 0008 D202     		lsls	r2, r2, #11
 147 000a 1343     		orrs	r3, r2
 148 000c 2360     		str	r3, [r4]
 215:Generated_Source\PSoC4/cyfitter_cfg.c **** 
 216:Generated_Source\PSoC4/cyfitter_cfg.c **** 	/* Setup and trim IMO based on desired frequency. */
 217:Generated_Source\PSoC4/cyfitter_cfg.c **** 	CySysClkWriteImoFreq(24u);
 149              		.loc 1 217 0
 150 000e 1820     		movs	r0, #24
 151 0010 FFF7FEFF 		bl	CySysClkWriteImoFreq
 152              	.LVL15:
 218:Generated_Source\PSoC4/cyfitter_cfg.c **** 
 219:Generated_Source\PSoC4/cyfitter_cfg.c **** 	/* Disable HALF_EN since it is not required at this IMO frequency. */
 220:Generated_Source\PSoC4/cyfitter_cfg.c **** 	CY_SET_REG32((void CYXDATA *)(CYREG_CLK_SELECT), (CY_GET_REG32((void *)CYREG_CLK_SELECT) & 0xFFFBF
 153              		.loc 1 220 0
 154 0014 2268     		ldr	r2, [r4]
 155 0016 104B     		ldr	r3, .L8+4
 156 0018 1340     		ands	r3, r2
 157 001a 2360     		str	r3, [r4]
 221:Generated_Source\PSoC4/cyfitter_cfg.c **** 	/* CYDEV_CLK_ILO_CONFIG Starting address: CYDEV_CLK_ILO_CONFIG */
 222:Generated_Source\PSoC4/cyfitter_cfg.c **** 	CY_SET_REG32((void *)(CYREG_CLK_ILO_CONFIG), 0x80000006u);
 158              		.loc 1 222 0
 159 001c 0F4A     		ldr	r2, .L8+8
 160 001e 104B     		ldr	r3, .L8+12
 161 0020 1A60     		str	r2, [r3]
 223:Generated_Source\PSoC4/cyfitter_cfg.c **** 
 224:Generated_Source\PSoC4/cyfitter_cfg.c **** 
 225:Generated_Source\PSoC4/cyfitter_cfg.c **** 	/* CYDEV_CLK_SELECT00 Starting address: CYDEV_CLK_SELECT00 */
 226:Generated_Source\PSoC4/cyfitter_cfg.c **** 	CY_SET_REG32((void *)(CYREG_CLK_SELECT12), 0x00000020u);
 162              		.loc 1 226 0
 163 0022 2022     		movs	r2, #32
 164 0024 0F4B     		ldr	r3, .L8+16
 165 0026 1A60     		str	r2, [r3]
 227:Generated_Source\PSoC4/cyfitter_cfg.c **** 
 228:Generated_Source\PSoC4/cyfitter_cfg.c **** 	/* CYDEV_CLK_IMO_CONFIG Starting address: CYDEV_CLK_IMO_CONFIG */
ARM GAS  C:\Users\STUDEN~1\AppData\Local\Temp\ccFk24vK.s 			page 8


 229:Generated_Source\PSoC4/cyfitter_cfg.c **** 	CY_SET_REG32((void *)(CYREG_CLK_IMO_CONFIG), 0x80000000u);
 166              		.loc 1 229 0
 167 0028 8022     		movs	r2, #128
 168 002a 1206     		lsls	r2, r2, #24
 169 002c 0E4B     		ldr	r3, .L8+20
 170 002e 1A60     		str	r2, [r3]
 230:Generated_Source\PSoC4/cyfitter_cfg.c **** 
 231:Generated_Source\PSoC4/cyfitter_cfg.c **** 	/* CYDEV_CLK_SELECT Starting address: CYDEV_CLK_SELECT */
 232:Generated_Source\PSoC4/cyfitter_cfg.c **** 	CY_SET_REG32((void *)(CYREG_CLK_SELECT), 0x00000000u);
 171              		.loc 1 232 0
 172 0030 0025     		movs	r5, #0
 173 0032 2560     		str	r5, [r4]
 233:Generated_Source\PSoC4/cyfitter_cfg.c **** 
 234:Generated_Source\PSoC4/cyfitter_cfg.c **** 	/* CYDEV_CLK_DIVIDER_A00 Starting address: CYDEV_CLK_DIVIDER_A00 */
 235:Generated_Source\PSoC4/cyfitter_cfg.c **** 	CY_SET_REG32((void *)(CYREG_CLK_DIVIDER_A00), 0x800002EDu);
 174              		.loc 1 235 0
 175 0034 0D4A     		ldr	r2, .L8+24
 176 0036 0E4B     		ldr	r3, .L8+28
 177 0038 1A60     		str	r2, [r3]
 236:Generated_Source\PSoC4/cyfitter_cfg.c **** 
 237:Generated_Source\PSoC4/cyfitter_cfg.c **** 	/* CYDEV_CLK_DIVIDER_B00 Starting address: CYDEV_CLK_DIVIDER_B00 */
 238:Generated_Source\PSoC4/cyfitter_cfg.c **** 	CY_SET_REG32((void *)(CYREG_CLK_DIVIDER_B00), 0xC000027Fu);
 178              		.loc 1 238 0
 179 003a 0E4A     		ldr	r2, .L8+32
 180 003c 0E4B     		ldr	r3, .L8+36
 181 003e 1A60     		str	r2, [r3]
 239:Generated_Source\PSoC4/cyfitter_cfg.c **** 
 240:Generated_Source\PSoC4/cyfitter_cfg.c **** 	(void)CyIntSetVector(9u, &CySysWdtIsr);
 182              		.loc 1 240 0
 183 0040 0E49     		ldr	r1, .L8+40
 184 0042 0920     		movs	r0, #9
 185 0044 FFF7FEFF 		bl	CyIntSetVector
 186              	.LVL16:
 241:Generated_Source\PSoC4/cyfitter_cfg.c **** 	CyIntEnable(9u);
 187              		.loc 1 241 0
 188 0048 0920     		movs	r0, #9
 189 004a FFF7FEFF 		bl	CyIntEnable
 190              	.LVL17:
 242:Generated_Source\PSoC4/cyfitter_cfg.c **** 	CY_SET_REG32((void *)(CYREG_WDT_CONFIG), 0x00000000u);
 191              		.loc 1 242 0
 192 004e 0C4B     		ldr	r3, .L8+44
 193 0050 1D60     		str	r5, [r3]
 243:Generated_Source\PSoC4/cyfitter_cfg.c **** }
 194              		.loc 1 243 0
 195              		@ sp needed
 196 0052 70BD     		pop	{r4, r5, r6, pc}
 197              	.L9:
 198              		.align	2
 199              	.L8:
 200 0054 00010B40 		.word	1074462976
 201 0058 FFFFFBFF 		.word	-262145
 202 005c 06000080 		.word	-2147483642
 203 0060 04010B40 		.word	1074462980
 204 0064 30020240 		.word	1073873456
 205 0068 08010B40 		.word	1074462984
 206 006c ED020080 		.word	-2147482899
 207 0070 00000240 		.word	1073872896
ARM GAS  C:\Users\STUDEN~1\AppData\Local\Temp\ccFk24vK.s 			page 9


 208 0074 7F0200C0 		.word	-1073741185
 209 0078 40000240 		.word	1073872960
 210 007c 00000000 		.word	CySysWdtIsr
 211 0080 0C020B40 		.word	1074463244
 212              		.cfi_endproc
 213              	.LFE4:
 214              		.size	ClockSetup, .-ClockSetup
 215              		.align	2
 216              		.global	cyfitter_cfg
 217              		.code	16
 218              		.thumb_func
 219              		.type	cyfitter_cfg, %function
 220              	cyfitter_cfg:
 221              	.LFB6:
 244:Generated_Source\PSoC4/cyfitter_cfg.c **** 
 245:Generated_Source\PSoC4/cyfitter_cfg.c **** 
 246:Generated_Source\PSoC4/cyfitter_cfg.c **** /* Analog API Functions */
 247:Generated_Source\PSoC4/cyfitter_cfg.c **** 
 248:Generated_Source\PSoC4/cyfitter_cfg.c **** 
 249:Generated_Source\PSoC4/cyfitter_cfg.c **** /*******************************************************************************
 250:Generated_Source\PSoC4/cyfitter_cfg.c **** * Function Name: AnalogSetDefault
 251:Generated_Source\PSoC4/cyfitter_cfg.c **** ********************************************************************************
 252:Generated_Source\PSoC4/cyfitter_cfg.c **** *
 253:Generated_Source\PSoC4/cyfitter_cfg.c **** * Summary:
 254:Generated_Source\PSoC4/cyfitter_cfg.c **** *  Sets up the analog portions of the chip to default values based on chip
 255:Generated_Source\PSoC4/cyfitter_cfg.c **** *  configuration options from the project.
 256:Generated_Source\PSoC4/cyfitter_cfg.c **** *
 257:Generated_Source\PSoC4/cyfitter_cfg.c **** * Parameters:
 258:Generated_Source\PSoC4/cyfitter_cfg.c **** *  void
 259:Generated_Source\PSoC4/cyfitter_cfg.c **** *
 260:Generated_Source\PSoC4/cyfitter_cfg.c **** * Return:
 261:Generated_Source\PSoC4/cyfitter_cfg.c **** *  void
 262:Generated_Source\PSoC4/cyfitter_cfg.c **** *
 263:Generated_Source\PSoC4/cyfitter_cfg.c **** *******************************************************************************/
 264:Generated_Source\PSoC4/cyfitter_cfg.c **** static void AnalogSetDefault(void);
 265:Generated_Source\PSoC4/cyfitter_cfg.c **** static void AnalogSetDefault(void)
 266:Generated_Source\PSoC4/cyfitter_cfg.c **** {
 267:Generated_Source\PSoC4/cyfitter_cfg.c **** }
 268:Generated_Source\PSoC4/cyfitter_cfg.c **** 
 269:Generated_Source\PSoC4/cyfitter_cfg.c **** 
 270:Generated_Source\PSoC4/cyfitter_cfg.c **** 
 271:Generated_Source\PSoC4/cyfitter_cfg.c **** 
 272:Generated_Source\PSoC4/cyfitter_cfg.c **** /*******************************************************************************
 273:Generated_Source\PSoC4/cyfitter_cfg.c **** * Function Name: cyfitter_cfg
 274:Generated_Source\PSoC4/cyfitter_cfg.c **** ********************************************************************************
 275:Generated_Source\PSoC4/cyfitter_cfg.c **** * Summary:
 276:Generated_Source\PSoC4/cyfitter_cfg.c **** *  This function is called by the start-up code for the selected device. It
 277:Generated_Source\PSoC4/cyfitter_cfg.c **** *  performs all of the necessary device configuration based on the design
 278:Generated_Source\PSoC4/cyfitter_cfg.c **** *  settings.  This includes settings from the Design Wide Resources (DWR) such
 279:Generated_Source\PSoC4/cyfitter_cfg.c **** *  as Clocks and Pins as well as any component configuration that is necessary.
 280:Generated_Source\PSoC4/cyfitter_cfg.c **** *
 281:Generated_Source\PSoC4/cyfitter_cfg.c **** * Parameters:
 282:Generated_Source\PSoC4/cyfitter_cfg.c **** *   void
 283:Generated_Source\PSoC4/cyfitter_cfg.c **** *
 284:Generated_Source\PSoC4/cyfitter_cfg.c **** * Return:
 285:Generated_Source\PSoC4/cyfitter_cfg.c **** *   void
 286:Generated_Source\PSoC4/cyfitter_cfg.c **** *
ARM GAS  C:\Users\STUDEN~1\AppData\Local\Temp\ccFk24vK.s 			page 10


 287:Generated_Source\PSoC4/cyfitter_cfg.c **** *******************************************************************************/
 288:Generated_Source\PSoC4/cyfitter_cfg.c **** CY_CFG_SECTION
 289:Generated_Source\PSoC4/cyfitter_cfg.c **** void cyfitter_cfg(void)
 290:Generated_Source\PSoC4/cyfitter_cfg.c **** {
 222              		.loc 1 290 0
 223              		.cfi_startproc
 224              		@ args = 0, pretend = 0, frame = 0
 225              		@ frame_needed = 0, uses_anonymous_args = 0
 226 0084 10B5     		push	{r4, lr}
 227              		.cfi_def_cfa_offset 8
 228              		.cfi_offset 4, -8
 229              		.cfi_offset 14, -4
 291:Generated_Source\PSoC4/cyfitter_cfg.c **** 	/* Disable interrupts by default. Let user enable if/when they want. */
 292:Generated_Source\PSoC4/cyfitter_cfg.c **** 	CyGlobalIntDisable;
 230              		.loc 1 292 0
 231              		.syntax divided
 232              	@ 292 "Generated_Source\PSoC4\cyfitter_cfg.c" 1
 233 0086 72B6     		CPSID   i
 234              	@ 0 "" 2
 293:Generated_Source\PSoC4/cyfitter_cfg.c **** 
 294:Generated_Source\PSoC4/cyfitter_cfg.c **** 	/* Enable the clock in the interrupt controller for the routed interrupts */
 295:Generated_Source\PSoC4/cyfitter_cfg.c **** 	CY_SET_REG8((void *)CYREG_UDB_UDBIF_INT_CLK_CTL, 0x01u);
 235              		.loc 1 295 0
 236              		.thumb
 237              		.syntax unified
 238 0088 0122     		movs	r2, #1
 239 008a 224B     		ldr	r3, .L13
 240 008c 1A70     		strb	r2, [r3]
 241              	.LVL18:
 242              	.LBB3:
 296:Generated_Source\PSoC4/cyfitter_cfg.c **** 	{
 297:Generated_Source\PSoC4/cyfitter_cfg.c **** 		static const uint32 CYCODE cy_cfg_addr_table[] = {
 298:Generated_Source\PSoC4/cyfitter_cfg.c **** 			0x400F0001u, /* Base address: 0x400F0000 Count: 1 */
 299:Generated_Source\PSoC4/cyfitter_cfg.c **** 			0x400F3230u, /* Base address: 0x400F3200 Count: 48 */
 300:Generated_Source\PSoC4/cyfitter_cfg.c **** 			0x400F3316u, /* Base address: 0x400F3300 Count: 22 */
 301:Generated_Source\PSoC4/cyfitter_cfg.c **** 			0x400F4002u, /* Base address: 0x400F4000 Count: 2 */
 302:Generated_Source\PSoC4/cyfitter_cfg.c **** 			0x400F4102u, /* Base address: 0x400F4100 Count: 2 */
 303:Generated_Source\PSoC4/cyfitter_cfg.c **** 			0x400F6002u, /* Base address: 0x400F6000 Count: 2 */
 304:Generated_Source\PSoC4/cyfitter_cfg.c **** 		};
 305:Generated_Source\PSoC4/cyfitter_cfg.c **** 
 306:Generated_Source\PSoC4/cyfitter_cfg.c **** 		static const cy_cfg_addrvalue_t CYCODE cy_cfg_data_table[] = {
 307:Generated_Source\PSoC4/cyfitter_cfg.c **** 			{0x83u, 0x0Du},
 308:Generated_Source\PSoC4/cyfitter_cfg.c **** 			{0x40u, 0x45u},
 309:Generated_Source\PSoC4/cyfitter_cfg.c **** 			{0x49u, 0xFFu},
 310:Generated_Source\PSoC4/cyfitter_cfg.c **** 			{0x4Au, 0xFFu},
 311:Generated_Source\PSoC4/cyfitter_cfg.c **** 			{0x4Bu, 0xFFu},
 312:Generated_Source\PSoC4/cyfitter_cfg.c **** 			{0x4Fu, 0x01u},
 313:Generated_Source\PSoC4/cyfitter_cfg.c **** 			{0x50u, 0x18u},
 314:Generated_Source\PSoC4/cyfitter_cfg.c **** 			{0x5Au, 0x04u},
 315:Generated_Source\PSoC4/cyfitter_cfg.c **** 			{0x5Fu, 0x01u},
 316:Generated_Source\PSoC4/cyfitter_cfg.c **** 			{0x60u, 0x40u},
 317:Generated_Source\PSoC4/cyfitter_cfg.c **** 			{0x62u, 0x40u},
 318:Generated_Source\PSoC4/cyfitter_cfg.c **** 			{0x64u, 0x40u},
 319:Generated_Source\PSoC4/cyfitter_cfg.c **** 			{0x65u, 0x40u},
 320:Generated_Source\PSoC4/cyfitter_cfg.c **** 			{0x66u, 0x80u},
 321:Generated_Source\PSoC4/cyfitter_cfg.c **** 			{0x68u, 0x80u},
 322:Generated_Source\PSoC4/cyfitter_cfg.c **** 			{0x6Au, 0x80u},
ARM GAS  C:\Users\STUDEN~1\AppData\Local\Temp\ccFk24vK.s 			page 11


 323:Generated_Source\PSoC4/cyfitter_cfg.c **** 			{0x6Cu, 0x80u},
 324:Generated_Source\PSoC4/cyfitter_cfg.c **** 			{0x6Eu, 0x80u},
 325:Generated_Source\PSoC4/cyfitter_cfg.c **** 			{0x8Eu, 0x01u},
 326:Generated_Source\PSoC4/cyfitter_cfg.c **** 			{0x92u, 0x01u},
 327:Generated_Source\PSoC4/cyfitter_cfg.c **** 			{0xB0u, 0x01u},
 328:Generated_Source\PSoC4/cyfitter_cfg.c **** 			{0xB2u, 0x01u},
 329:Generated_Source\PSoC4/cyfitter_cfg.c **** 			{0xBEu, 0x01u},
 330:Generated_Source\PSoC4/cyfitter_cfg.c **** 			{0xC0u, 0x54u},
 331:Generated_Source\PSoC4/cyfitter_cfg.c **** 			{0xC5u, 0xECu},
 332:Generated_Source\PSoC4/cyfitter_cfg.c **** 			{0xC7u, 0x20u},
 333:Generated_Source\PSoC4/cyfitter_cfg.c **** 			{0xC8u, 0x23u},
 334:Generated_Source\PSoC4/cyfitter_cfg.c **** 			{0xC9u, 0xFFu},
 335:Generated_Source\PSoC4/cyfitter_cfg.c **** 			{0xCAu, 0xFFu},
 336:Generated_Source\PSoC4/cyfitter_cfg.c **** 			{0xCBu, 0xFFu},
 337:Generated_Source\PSoC4/cyfitter_cfg.c **** 			{0xCDu, 0x83u},
 338:Generated_Source\PSoC4/cyfitter_cfg.c **** 			{0xCEu, 0x03u},
 339:Generated_Source\PSoC4/cyfitter_cfg.c **** 			{0xCFu, 0x01u},
 340:Generated_Source\PSoC4/cyfitter_cfg.c **** 			{0xD0u, 0x18u},
 341:Generated_Source\PSoC4/cyfitter_cfg.c **** 			{0xD2u, 0x80u},
 342:Generated_Source\PSoC4/cyfitter_cfg.c **** 			{0xD4u, 0x01u},
 343:Generated_Source\PSoC4/cyfitter_cfg.c **** 			{0xD8u, 0x04u},
 344:Generated_Source\PSoC4/cyfitter_cfg.c **** 			{0xDAu, 0x04u},
 345:Generated_Source\PSoC4/cyfitter_cfg.c **** 			{0xDBu, 0x04u},
 346:Generated_Source\PSoC4/cyfitter_cfg.c **** 			{0xDFu, 0x01u},
 347:Generated_Source\PSoC4/cyfitter_cfg.c **** 			{0xE0u, 0x40u},
 348:Generated_Source\PSoC4/cyfitter_cfg.c **** 			{0xE2u, 0x40u},
 349:Generated_Source\PSoC4/cyfitter_cfg.c **** 			{0xE4u, 0x40u},
 350:Generated_Source\PSoC4/cyfitter_cfg.c **** 			{0xE5u, 0x40u},
 351:Generated_Source\PSoC4/cyfitter_cfg.c **** 			{0xE6u, 0x80u},
 352:Generated_Source\PSoC4/cyfitter_cfg.c **** 			{0xE8u, 0x80u},
 353:Generated_Source\PSoC4/cyfitter_cfg.c **** 			{0xEAu, 0x80u},
 354:Generated_Source\PSoC4/cyfitter_cfg.c **** 			{0xECu, 0x80u},
 355:Generated_Source\PSoC4/cyfitter_cfg.c **** 			{0xEEu, 0x80u},
 356:Generated_Source\PSoC4/cyfitter_cfg.c **** 			{0x02u, 0x02u},
 357:Generated_Source\PSoC4/cyfitter_cfg.c **** 			{0x0Bu, 0x40u},
 358:Generated_Source\PSoC4/cyfitter_cfg.c **** 			{0x18u, 0x10u},
 359:Generated_Source\PSoC4/cyfitter_cfg.c **** 			{0x1Au, 0x40u},
 360:Generated_Source\PSoC4/cyfitter_cfg.c **** 			{0x41u, 0x01u},
 361:Generated_Source\PSoC4/cyfitter_cfg.c **** 			{0x46u, 0x80u},
 362:Generated_Source\PSoC4/cyfitter_cfg.c **** 			{0x49u, 0x05u},
 363:Generated_Source\PSoC4/cyfitter_cfg.c **** 			{0x4Bu, 0x40u},
 364:Generated_Source\PSoC4/cyfitter_cfg.c **** 			{0x4Eu, 0x02u},
 365:Generated_Source\PSoC4/cyfitter_cfg.c **** 			{0x51u, 0x01u},
 366:Generated_Source\PSoC4/cyfitter_cfg.c **** 			{0x52u, 0x02u},
 367:Generated_Source\PSoC4/cyfitter_cfg.c **** 			{0x59u, 0x05u},
 368:Generated_Source\PSoC4/cyfitter_cfg.c **** 			{0x5Au, 0x40u},
 369:Generated_Source\PSoC4/cyfitter_cfg.c **** 			{0x72u, 0x80u},
 370:Generated_Source\PSoC4/cyfitter_cfg.c **** 			{0x73u, 0x40u},
 371:Generated_Source\PSoC4/cyfitter_cfg.c **** 			{0x8Cu, 0x10u},
 372:Generated_Source\PSoC4/cyfitter_cfg.c **** 			{0xC0u, 0x01u},
 373:Generated_Source\PSoC4/cyfitter_cfg.c **** 			{0xC2u, 0x08u},
 374:Generated_Source\PSoC4/cyfitter_cfg.c **** 			{0xD0u, 0x81u},
 375:Generated_Source\PSoC4/cyfitter_cfg.c **** 			{0xD2u, 0x18u},
 376:Generated_Source\PSoC4/cyfitter_cfg.c **** 			{0xD6u, 0x0Bu},
 377:Generated_Source\PSoC4/cyfitter_cfg.c **** 			{0xE2u, 0x10u},
 378:Generated_Source\PSoC4/cyfitter_cfg.c **** 			{0x6Cu, 0x04u},
 379:Generated_Source\PSoC4/cyfitter_cfg.c **** 			{0xDAu, 0x80u},
ARM GAS  C:\Users\STUDEN~1\AppData\Local\Temp\ccFk24vK.s 			page 12


 380:Generated_Source\PSoC4/cyfitter_cfg.c **** 			{0x8Cu, 0x04u},
 381:Generated_Source\PSoC4/cyfitter_cfg.c **** 			{0x94u, 0x08u},
 382:Generated_Source\PSoC4/cyfitter_cfg.c **** 			{0x01u, 0x01u},
 383:Generated_Source\PSoC4/cyfitter_cfg.c **** 			{0x10u, 0x01u},
 384:Generated_Source\PSoC4/cyfitter_cfg.c **** 		};
 385:Generated_Source\PSoC4/cyfitter_cfg.c **** 
 386:Generated_Source\PSoC4/cyfitter_cfg.c **** 
 387:Generated_Source\PSoC4/cyfitter_cfg.c **** 
 388:Generated_Source\PSoC4/cyfitter_cfg.c **** 		CYPACKED typedef struct {
 389:Generated_Source\PSoC4/cyfitter_cfg.c **** 			void CYFAR *address;
 390:Generated_Source\PSoC4/cyfitter_cfg.c **** 			uint16 size;
 391:Generated_Source\PSoC4/cyfitter_cfg.c **** 		} CYPACKED_ATTR cfg_memset_t;
 392:Generated_Source\PSoC4/cyfitter_cfg.c **** 
 393:Generated_Source\PSoC4/cyfitter_cfg.c **** 		static const cfg_memset_t CYCODE cfg_memset_list[] = {
 394:Generated_Source\PSoC4/cyfitter_cfg.c **** 			/* address, size */
 395:Generated_Source\PSoC4/cyfitter_cfg.c **** 			{(void CYFAR *)(CYDEV_UDB_P0_U0_BASE), 1024u},
 396:Generated_Source\PSoC4/cyfitter_cfg.c **** 			{(void CYFAR *)(CYDEV_UDB_DSI0_BASE), 1024u},
 397:Generated_Source\PSoC4/cyfitter_cfg.c **** 		};
 398:Generated_Source\PSoC4/cyfitter_cfg.c **** 
 399:Generated_Source\PSoC4/cyfitter_cfg.c **** 		uint8 CYDATA i;
 400:Generated_Source\PSoC4/cyfitter_cfg.c **** 
 401:Generated_Source\PSoC4/cyfitter_cfg.c **** 		/* Zero out critical memory blocks before beginning configuration */
 402:Generated_Source\PSoC4/cyfitter_cfg.c **** 		for (i = 0u; i < (sizeof(cfg_memset_list)/sizeof(cfg_memset_list[0])); i++)
 243              		.loc 1 402 0
 244 008e 0024     		movs	r4, #0
 245 0090 0FE0     		b	.L11
 246              	.LVL19:
 247              	.L12:
 248              	.LBB4:
 403:Generated_Source\PSoC4/cyfitter_cfg.c **** 		{
 404:Generated_Source\PSoC4/cyfitter_cfg.c **** 			const cfg_memset_t CYCODE * CYDATA ms = &cfg_memset_list[i];
 405:Generated_Source\PSoC4/cyfitter_cfg.c **** 			CYMEMZERO(ms->address, (size_t)(uint32)(ms->size));
 249              		.loc 1 405 0 discriminator 3
 250 0092 2148     		ldr	r0, .L13+4
 251 0094 6200     		lsls	r2, r4, #1
 252 0096 1319     		adds	r3, r2, r4
 253 0098 5900     		lsls	r1, r3, #1
 254 009a 0B00     		movs	r3, r1
 255 009c 4118     		adds	r1, r0, r1
 256 009e 8988     		ldrh	r1, [r1, #4]
 257 00a0 1A5A     		ldrh	r2, [r3, r0]
 258 00a2 C318     		adds	r3, r0, r3
 259 00a4 5888     		ldrh	r0, [r3, #2]
 260 00a6 0004     		lsls	r0, r0, #16
 261 00a8 1043     		orrs	r0, r2
 262 00aa FFF7FEFF 		bl	CYMEMZERO
 263              	.LVL20:
 264              	.LBE4:
 402:Generated_Source\PSoC4/cyfitter_cfg.c **** 		{
 265              		.loc 1 402 0 discriminator 3
 266 00ae 0134     		adds	r4, r4, #1
 267              	.LVL21:
 268 00b0 E4B2     		uxtb	r4, r4
 269              	.LVL22:
 270              	.L11:
 402:Generated_Source\PSoC4/cyfitter_cfg.c **** 		{
 271              		.loc 1 402 0 is_stmt 0 discriminator 1
ARM GAS  C:\Users\STUDEN~1\AppData\Local\Temp\ccFk24vK.s 			page 13


 272 00b2 012C     		cmp	r4, #1
 273 00b4 EDD9     		bls	.L12
 406:Generated_Source\PSoC4/cyfitter_cfg.c **** 		}
 407:Generated_Source\PSoC4/cyfitter_cfg.c **** 
 408:Generated_Source\PSoC4/cyfitter_cfg.c **** 		cfg_write_bytes32(cy_cfg_addr_table, cy_cfg_data_table);
 274              		.loc 1 408 0 is_stmt 1
 275 00b6 1849     		ldr	r1, .L13+4
 276 00b8 0C31     		adds	r1, r1, #12
 277 00ba 1848     		ldr	r0, .L13+8
 278 00bc 2830     		adds	r0, r0, #40
 279 00be FFF7FEFF 		bl	cfg_write_bytes32
 280              	.LVL23:
 409:Generated_Source\PSoC4/cyfitter_cfg.c **** 
 410:Generated_Source\PSoC4/cyfitter_cfg.c **** 		/* HSIOM Starting address: CYDEV_HSIOM_BASE */
 411:Generated_Source\PSoC4/cyfitter_cfg.c **** 		CY_SET_REG32((void *)(CYREG_HSIOM_PORT_SEL3), 0x0000EE00u);
 281              		.loc 1 411 0
 282 00c2 EE22     		movs	r2, #238
 283 00c4 1202     		lsls	r2, r2, #8
 284 00c6 164B     		ldr	r3, .L13+12
 285 00c8 1A60     		str	r2, [r3]
 412:Generated_Source\PSoC4/cyfitter_cfg.c **** 
 413:Generated_Source\PSoC4/cyfitter_cfg.c **** 		/* UDB_PA_2 Starting address: CYDEV_UDB_PA2_BASE */
 414:Generated_Source\PSoC4/cyfitter_cfg.c **** 		CY_SET_REG32((void *)(CYDEV_UDB_PA2_BASE), 0x00990000u);
 286              		.loc 1 414 0
 287 00ca 9923     		movs	r3, #153
 288 00cc 1B04     		lsls	r3, r3, #16
 289 00ce 154A     		ldr	r2, .L13+16
 290 00d0 1360     		str	r3, [r2]
 415:Generated_Source\PSoC4/cyfitter_cfg.c **** 
 416:Generated_Source\PSoC4/cyfitter_cfg.c **** 		/* UDB_PA_3 Starting address: CYDEV_UDB_PA3_BASE */
 417:Generated_Source\PSoC4/cyfitter_cfg.c **** 		CY_SET_REG32((void *)(CYDEV_UDB_PA3_BASE), 0x00990000u);
 291              		.loc 1 417 0
 292 00d2 154A     		ldr	r2, .L13+20
 293 00d4 1360     		str	r3, [r2]
 418:Generated_Source\PSoC4/cyfitter_cfg.c **** 
 419:Generated_Source\PSoC4/cyfitter_cfg.c **** 		/* INT_SELECT Starting address: CYDEV_CPUSS_INTR_SELECT */
 420:Generated_Source\PSoC4/cyfitter_cfg.c **** 		CY_SET_REG32((void *)(CYREG_CPUSS_INTR_SELECT), 0x00000001u);
 294              		.loc 1 420 0
 295 00d6 0122     		movs	r2, #1
 296 00d8 144B     		ldr	r3, .L13+24
 297 00da 1A60     		str	r2, [r3]
 421:Generated_Source\PSoC4/cyfitter_cfg.c **** 
 422:Generated_Source\PSoC4/cyfitter_cfg.c **** 		/* INT_CONFIG Starting address: CYDEV_UDB_INT_CFG */
 423:Generated_Source\PSoC4/cyfitter_cfg.c **** 		CY_SET_REG32((void *)(CYREG_UDB_INT_CFG), 0x00000002u);
 298              		.loc 1 423 0
 299 00dc 0132     		adds	r2, r2, #1
 300 00de 144B     		ldr	r3, .L13+28
 301 00e0 1A60     		str	r2, [r3]
 424:Generated_Source\PSoC4/cyfitter_cfg.c **** 
 425:Generated_Source\PSoC4/cyfitter_cfg.c **** 		/* Enable UDB array and digital routing */
 426:Generated_Source\PSoC4/cyfitter_cfg.c **** 		CY_SET_XTND_REG8((void *)CYREG_UDB_UDBIF_WAIT_CFG, (uint8)((CY_GET_XTND_REG8((void *)CYREG_UDB_UD
 302              		.loc 1 426 0
 303 00e2 1449     		ldr	r1, .L13+32
 304 00e4 0B78     		ldrb	r3, [r1]
 305 00e6 3A32     		adds	r2, r2, #58
 306 00e8 9343     		bics	r3, r2
 307 00ea 1422     		movs	r2, #20
ARM GAS  C:\Users\STUDEN~1\AppData\Local\Temp\ccFk24vK.s 			page 14


 308 00ec 1343     		orrs	r3, r2
 309 00ee DBB2     		uxtb	r3, r3
 310 00f0 0B70     		strb	r3, [r1]
 427:Generated_Source\PSoC4/cyfitter_cfg.c **** 		CY_SET_XTND_REG8((void *)CYREG_UDB_UDBIF_BANK_CTL, (uint8)(CY_GET_XTND_REG8((void *)CYREG_UDB_UDB
 311              		.loc 1 427 0
 312 00f2 114A     		ldr	r2, .L13+36
 313 00f4 1178     		ldrb	r1, [r2]
 314 00f6 1623     		movs	r3, #22
 315 00f8 0B43     		orrs	r3, r1
 316 00fa DBB2     		uxtb	r3, r3
 317 00fc 1370     		strb	r3, [r2]
 318              	.LBE3:
 428:Generated_Source\PSoC4/cyfitter_cfg.c **** 	}
 429:Generated_Source\PSoC4/cyfitter_cfg.c **** 
 430:Generated_Source\PSoC4/cyfitter_cfg.c **** 	/* Perform second pass device configuration. These items must be configured in specific order afte
 431:Generated_Source\PSoC4/cyfitter_cfg.c **** 	/* IOPINS0_2 Starting address: CYDEV_PRT2_BASE */
 432:Generated_Source\PSoC4/cyfitter_cfg.c **** 	CY_SET_REG32((void *)(CYREG_PRT2_PC), 0x001B6DB6u);
 319              		.loc 1 432 0
 320 00fe 0F4A     		ldr	r2, .L13+40
 321 0100 0F4B     		ldr	r3, .L13+44
 322 0102 1A60     		str	r2, [r3]
 433:Generated_Source\PSoC4/cyfitter_cfg.c **** 
 434:Generated_Source\PSoC4/cyfitter_cfg.c **** 	/* IOPINS0_3 Starting address: CYDEV_PRT3_BASE */
 435:Generated_Source\PSoC4/cyfitter_cfg.c **** 	CY_SET_REG32((void *)(CYREG_PRT3_PC), 0x00000D80u);
 323              		.loc 1 435 0
 324 0104 D822     		movs	r2, #216
 325 0106 1201     		lsls	r2, r2, #4
 326 0108 0E4B     		ldr	r3, .L13+48
 327 010a 1A60     		str	r2, [r3]
 436:Generated_Source\PSoC4/cyfitter_cfg.c **** 
 437:Generated_Source\PSoC4/cyfitter_cfg.c **** 
 438:Generated_Source\PSoC4/cyfitter_cfg.c **** 	/* Setup clocks based on selections from Clock DWR */
 439:Generated_Source\PSoC4/cyfitter_cfg.c **** 	ClockSetup();
 328              		.loc 1 439 0
 329 010c FFF778FF 		bl	ClockSetup
 330              	.LVL24:
 440:Generated_Source\PSoC4/cyfitter_cfg.c **** 
 441:Generated_Source\PSoC4/cyfitter_cfg.c **** 	/* Perform basic analog initialization to defaults */
 442:Generated_Source\PSoC4/cyfitter_cfg.c **** 	AnalogSetDefault();
 443:Generated_Source\PSoC4/cyfitter_cfg.c **** 
 444:Generated_Source\PSoC4/cyfitter_cfg.c **** }
 331              		.loc 1 444 0
 332              		@ sp needed
 333              	.LVL25:
 334 0110 10BD     		pop	{r4, pc}
 335              	.L14:
 336 0112 C046     		.align	2
 337              	.L13:
 338 0114 1C700F40 		.word	1074753564
 339 0118 00000000 		.word	.LANCHOR0
 340 011c 80000000 		.word	.LANCHOR1
 341 0120 0C000140 		.word	1073807372
 342 0124 20500F40 		.word	1074745376
 343 0128 30500F40 		.word	1074745392
 344 012c 20000040 		.word	1073741856
 345 0130 00800F40 		.word	1074757632
 346 0134 01700F40 		.word	1074753537
ARM GAS  C:\Users\STUDEN~1\AppData\Local\Temp\ccFk24vK.s 			page 15


 347 0138 00700F40 		.word	1074753536
 348 013c B66D1B00 		.word	1797558
 349 0140 08020440 		.word	1074004488
 350 0144 08030440 		.word	1074004744
 351              		.cfi_endproc
 352              	.LFE6:
 353              		.size	cyfitter_cfg, .-cyfitter_cfg
 354              		.section	.rodata
 355              		.align	2
 356              		.set	.LANCHOR0,. + 0
 357              		.set	.LANCHOR1,. + 128
 358              		.type	cfg_memset_list.4870, %object
 359              		.size	cfg_memset_list.4870, 12
 360              	cfg_memset_list.4870:
 361 0000 00300F40 		.word	1074737152
 362 0004 0004     		.short	1024
 363 0006 00400F40 		.4byte	1074741248
 364 000a 0004     		.short	1024
 365              		.type	cy_cfg_data_table.4865, %object
 366              		.size	cy_cfg_data_table.4865, 154
 367              	cy_cfg_data_table.4865:
 368 000c 83       		.byte	-125
 369 000d 0D       		.byte	13
 370 000e 40       		.byte	64
 371 000f 45       		.byte	69
 372 0010 49       		.byte	73
 373 0011 FF       		.byte	-1
 374 0012 4A       		.byte	74
 375 0013 FF       		.byte	-1
 376 0014 4B       		.byte	75
 377 0015 FF       		.byte	-1
 378 0016 4F       		.byte	79
 379 0017 01       		.byte	1
 380 0018 50       		.byte	80
 381 0019 18       		.byte	24
 382 001a 5A       		.byte	90
 383 001b 04       		.byte	4
 384 001c 5F       		.byte	95
 385 001d 01       		.byte	1
 386 001e 60       		.byte	96
 387 001f 40       		.byte	64
 388 0020 62       		.byte	98
 389 0021 40       		.byte	64
 390 0022 64       		.byte	100
 391 0023 40       		.byte	64
 392 0024 65       		.byte	101
 393 0025 40       		.byte	64
 394 0026 66       		.byte	102
 395 0027 80       		.byte	-128
 396 0028 68       		.byte	104
 397 0029 80       		.byte	-128
 398 002a 6A       		.byte	106
 399 002b 80       		.byte	-128
 400 002c 6C       		.byte	108
 401 002d 80       		.byte	-128
 402 002e 6E       		.byte	110
 403 002f 80       		.byte	-128
ARM GAS  C:\Users\STUDEN~1\AppData\Local\Temp\ccFk24vK.s 			page 16


 404 0030 8E       		.byte	-114
 405 0031 01       		.byte	1
 406 0032 92       		.byte	-110
 407 0033 01       		.byte	1
 408 0034 B0       		.byte	-80
 409 0035 01       		.byte	1
 410 0036 B2       		.byte	-78
 411 0037 01       		.byte	1
 412 0038 BE       		.byte	-66
 413 0039 01       		.byte	1
 414 003a C0       		.byte	-64
 415 003b 54       		.byte	84
 416 003c C5       		.byte	-59
 417 003d EC       		.byte	-20
 418 003e C7       		.byte	-57
 419 003f 20       		.byte	32
 420 0040 C8       		.byte	-56
 421 0041 23       		.byte	35
 422 0042 C9       		.byte	-55
 423 0043 FF       		.byte	-1
 424 0044 CA       		.byte	-54
 425 0045 FF       		.byte	-1
 426 0046 CB       		.byte	-53
 427 0047 FF       		.byte	-1
 428 0048 CD       		.byte	-51
 429 0049 83       		.byte	-125
 430 004a CE       		.byte	-50
 431 004b 03       		.byte	3
 432 004c CF       		.byte	-49
 433 004d 01       		.byte	1
 434 004e D0       		.byte	-48
 435 004f 18       		.byte	24
 436 0050 D2       		.byte	-46
 437 0051 80       		.byte	-128
 438 0052 D4       		.byte	-44
 439 0053 01       		.byte	1
 440 0054 D8       		.byte	-40
 441 0055 04       		.byte	4
 442 0056 DA       		.byte	-38
 443 0057 04       		.byte	4
 444 0058 DB       		.byte	-37
 445 0059 04       		.byte	4
 446 005a DF       		.byte	-33
 447 005b 01       		.byte	1
 448 005c E0       		.byte	-32
 449 005d 40       		.byte	64
 450 005e E2       		.byte	-30
 451 005f 40       		.byte	64
 452 0060 E4       		.byte	-28
 453 0061 40       		.byte	64
 454 0062 E5       		.byte	-27
 455 0063 40       		.byte	64
 456 0064 E6       		.byte	-26
 457 0065 80       		.byte	-128
 458 0066 E8       		.byte	-24
 459 0067 80       		.byte	-128
 460 0068 EA       		.byte	-22
ARM GAS  C:\Users\STUDEN~1\AppData\Local\Temp\ccFk24vK.s 			page 17


 461 0069 80       		.byte	-128
 462 006a EC       		.byte	-20
 463 006b 80       		.byte	-128
 464 006c EE       		.byte	-18
 465 006d 80       		.byte	-128
 466 006e 02       		.byte	2
 467 006f 02       		.byte	2
 468 0070 0B       		.byte	11
 469 0071 40       		.byte	64
 470 0072 18       		.byte	24
 471 0073 10       		.byte	16
 472 0074 1A       		.byte	26
 473 0075 40       		.byte	64
 474 0076 41       		.byte	65
 475 0077 01       		.byte	1
 476 0078 46       		.byte	70
 477 0079 80       		.byte	-128
 478 007a 49       		.byte	73
 479 007b 05       		.byte	5
 480 007c 4B       		.byte	75
 481 007d 40       		.byte	64
 482 007e 4E       		.byte	78
 483 007f 02       		.byte	2
 484 0080 51       		.byte	81
 485 0081 01       		.byte	1
 486 0082 52       		.byte	82
 487 0083 02       		.byte	2
 488 0084 59       		.byte	89
 489 0085 05       		.byte	5
 490 0086 5A       		.byte	90
 491 0087 40       		.byte	64
 492 0088 72       		.byte	114
 493 0089 80       		.byte	-128
 494 008a 73       		.byte	115
 495 008b 40       		.byte	64
 496 008c 8C       		.byte	-116
 497 008d 10       		.byte	16
 498 008e C0       		.byte	-64
 499 008f 01       		.byte	1
 500 0090 C2       		.byte	-62
 501 0091 08       		.byte	8
 502 0092 D0       		.byte	-48
 503 0093 81       		.byte	-127
 504 0094 D2       		.byte	-46
 505 0095 18       		.byte	24
 506 0096 D6       		.byte	-42
 507 0097 0B       		.byte	11
 508 0098 E2       		.byte	-30
 509 0099 10       		.byte	16
 510 009a 6C       		.byte	108
 511 009b 04       		.byte	4
 512 009c DA       		.byte	-38
 513 009d 80       		.byte	-128
 514 009e 8C       		.byte	-116
 515 009f 04       		.byte	4
 516 00a0 94       		.byte	-108
 517 00a1 08       		.byte	8
ARM GAS  C:\Users\STUDEN~1\AppData\Local\Temp\ccFk24vK.s 			page 18


 518 00a2 01       		.byte	1
 519 00a3 01       		.byte	1
 520 00a4 10       		.byte	16
 521 00a5 01       		.byte	1
 522 00a6 0000     		.space	2
 523              		.type	cy_cfg_addr_table.4864, %object
 524              		.size	cy_cfg_addr_table.4864, 24
 525              	cy_cfg_addr_table.4864:
 526 00a8 01000F40 		.word	1074724865
 527 00ac 30320F40 		.word	1074737712
 528 00b0 16330F40 		.word	1074737942
 529 00b4 02400F40 		.word	1074741250
 530 00b8 02410F40 		.word	1074741506
 531 00bc 02600F40 		.word	1074749442
 532              		.text
 533              	.Letext0:
 534              		.file 2 "c:\\program files\\cypress\\psoc creator\\4.2\\psoc creator\\import\\gnu\\arm\\5.4.1\\lib
 535              		.file 3 "Generated_Source\\PSoC4\\cytypes.h"
 536              		.file 4 "Generated_Source\\PSoC4\\CyLib.h"
 537              		.section	.debug_info,"",%progbits
 538              	.Ldebug_info0:
 539 0000 9C030000 		.4byte	0x39c
 540 0004 0400     		.2byte	0x4
 541 0006 00000000 		.4byte	.Ldebug_abbrev0
 542 000a 04       		.byte	0x4
 543 000b 01       		.uleb128 0x1
 544 000c 5E010000 		.4byte	.LASF39
 545 0010 0C       		.byte	0xc
 546 0011 97020000 		.4byte	.LASF40
 547 0015 C7000000 		.4byte	.LASF41
 548 0019 00000000 		.4byte	.Ldebug_ranges0+0
 549 001d 00000000 		.4byte	0
 550 0021 00000000 		.4byte	.Ldebug_line0
 551 0025 02       		.uleb128 0x2
 552 0026 04       		.byte	0x4
 553 0027 05       		.byte	0x5
 554 0028 696E7400 		.ascii	"int\000"
 555 002c 03       		.uleb128 0x3
 556 002d 06000000 		.4byte	.LASF12
 557 0031 02       		.byte	0x2
 558 0032 D8       		.byte	0xd8
 559 0033 37000000 		.4byte	0x37
 560 0037 04       		.uleb128 0x4
 561 0038 04       		.byte	0x4
 562 0039 07       		.byte	0x7
 563 003a 25010000 		.4byte	.LASF0
 564 003e 04       		.uleb128 0x4
 565 003f 08       		.byte	0x8
 566 0040 05       		.byte	0x5
 567 0041 1E020000 		.4byte	.LASF1
 568 0045 04       		.uleb128 0x4
 569 0046 08       		.byte	0x8
 570 0047 04       		.byte	0x4
 571 0048 73020000 		.4byte	.LASF2
 572 004c 04       		.uleb128 0x4
 573 004d 01       		.byte	0x1
 574 004e 06       		.byte	0x6
ARM GAS  C:\Users\STUDEN~1\AppData\Local\Temp\ccFk24vK.s 			page 19


 575 004f 8B020000 		.4byte	.LASF3
 576 0053 04       		.uleb128 0x4
 577 0054 01       		.byte	0x1
 578 0055 08       		.byte	0x8
 579 0056 99000000 		.4byte	.LASF4
 580 005a 04       		.uleb128 0x4
 581 005b 02       		.byte	0x2
 582 005c 05       		.byte	0x5
 583 005d 4B020000 		.4byte	.LASF5
 584 0061 04       		.uleb128 0x4
 585 0062 02       		.byte	0x2
 586 0063 07       		.byte	0x7
 587 0064 0B020000 		.4byte	.LASF6
 588 0068 04       		.uleb128 0x4
 589 0069 04       		.byte	0x4
 590 006a 05       		.byte	0x5
 591 006b 6A020000 		.4byte	.LASF7
 592 006f 04       		.uleb128 0x4
 593 0070 04       		.byte	0x4
 594 0071 07       		.byte	0x7
 595 0072 77000000 		.4byte	.LASF8
 596 0076 04       		.uleb128 0x4
 597 0077 08       		.byte	0x8
 598 0078 07       		.byte	0x7
 599 0079 47010000 		.4byte	.LASF9
 600 007d 04       		.uleb128 0x4
 601 007e 04       		.byte	0x4
 602 007f 07       		.byte	0x7
 603 0080 02020000 		.4byte	.LASF10
 604 0084 05       		.uleb128 0x5
 605 0085 04       		.byte	0x4
 606 0086 04       		.uleb128 0x4
 607 0087 01       		.byte	0x1
 608 0088 08       		.byte	0x8
 609 0089 2C020000 		.4byte	.LASF11
 610 008d 06       		.uleb128 0x6
 611 008e 89000000 		.4byte	.LASF13
 612 0092 03       		.byte	0x3
 613 0093 E401     		.2byte	0x1e4
 614 0095 53000000 		.4byte	0x53
 615 0099 06       		.uleb128 0x6
 616 009a 0C010000 		.4byte	.LASF14
 617 009e 03       		.byte	0x3
 618 009f E501     		.2byte	0x1e5
 619 00a1 61000000 		.4byte	0x61
 620 00a5 06       		.uleb128 0x6
 621 00a6 1E010000 		.4byte	.LASF15
 622 00aa 03       		.byte	0x3
 623 00ab E601     		.2byte	0x1e6
 624 00ad 6F000000 		.4byte	0x6f
 625 00b1 04       		.uleb128 0x4
 626 00b2 04       		.byte	0x4
 627 00b3 04       		.byte	0x4
 628 00b4 57000000 		.4byte	.LASF16
 629 00b8 04       		.uleb128 0x4
 630 00b9 08       		.byte	0x8
 631 00ba 04       		.byte	0x4
ARM GAS  C:\Users\STUDEN~1\AppData\Local\Temp\ccFk24vK.s 			page 20


 632 00bb AE000000 		.4byte	.LASF17
 633 00bf 06       		.uleb128 0x6
 634 00c0 72000000 		.4byte	.LASF18
 635 00c4 03       		.byte	0x3
 636 00c5 8E02     		.2byte	0x28e
 637 00c7 CB000000 		.4byte	0xcb
 638 00cb 07       		.uleb128 0x7
 639 00cc 8D000000 		.4byte	0x8d
 640 00d0 06       		.uleb128 0x6
 641 00d1 00000000 		.4byte	.LASF19
 642 00d5 03       		.byte	0x3
 643 00d6 9002     		.2byte	0x290
 644 00d8 DC000000 		.4byte	0xdc
 645 00dc 07       		.uleb128 0x7
 646 00dd A5000000 		.4byte	0xa5
 647 00e1 08       		.uleb128 0x8
 648 00e2 02       		.byte	0x2
 649 00e3 01       		.byte	0x1
 650 00e4 97       		.byte	0x97
 651 00e5 02010000 		.4byte	0x102
 652 00e9 09       		.uleb128 0x9
 653 00ea 44020000 		.4byte	.LASF20
 654 00ee 01       		.byte	0x1
 655 00ef 99       		.byte	0x99
 656 00f0 8D000000 		.4byte	0x8d
 657 00f4 00       		.byte	0
 658 00f5 09       		.uleb128 0x9
 659 00f6 1C000000 		.4byte	.LASF21
 660 00fa 01       		.byte	0x1
 661 00fb 9A       		.byte	0x9a
 662 00fc 8D000000 		.4byte	0x8d
 663 0100 01       		.byte	0x1
 664 0101 00       		.byte	0
 665 0102 03       		.uleb128 0x3
 666 0103 31020000 		.4byte	.LASF22
 667 0107 01       		.byte	0x1
 668 0108 9B       		.byte	0x9b
 669 0109 E1000000 		.4byte	0xe1
 670 010d 0A       		.uleb128 0xa
 671 010e B5000000 		.4byte	.LASF27
 672 0112 01       		.byte	0x1
 673 0113 AE       		.byte	0xae
 674 0114 00000000 		.4byte	.LFB3
 675 0118 32000000 		.4byte	.LFE3-.LFB3
 676 011c 01       		.uleb128 0x1
 677 011d 9C       		.byte	0x9c
 678 011e 7F010000 		.4byte	0x17f
 679 0122 0B       		.uleb128 0xb
 680 0123 01010000 		.4byte	.LASF23
 681 0127 01       		.byte	0x1
 682 0128 AE       		.byte	0xae
 683 0129 7F010000 		.4byte	0x17f
 684 012d 01       		.uleb128 0x1
 685 012e 50       		.byte	0x50
 686 012f 0B       		.uleb128 0xb
 687 0130 13010000 		.4byte	.LASF24
 688 0134 01       		.byte	0x1
ARM GAS  C:\Users\STUDEN~1\AppData\Local\Temp\ccFk24vK.s 			page 21


 689 0135 AE       		.byte	0xae
 690 0136 8A010000 		.4byte	0x18a
 691 013a 01       		.uleb128 0x1
 692 013b 51       		.byte	0x51
 693 013c 0C       		.uleb128 0xc
 694 013d 6900     		.ascii	"i\000"
 695 013f 01       		.byte	0x1
 696 0140 B1       		.byte	0xb1
 697 0141 A5000000 		.4byte	0xa5
 698 0145 00000000 		.4byte	.LLST0
 699 0149 0C       		.uleb128 0xc
 700 014a 6A00     		.ascii	"j\000"
 701 014c 01       		.byte	0x1
 702 014d B1       		.byte	0xb1
 703 014e A5000000 		.4byte	0xa5
 704 0152 1F000000 		.4byte	.LLST1
 705 0156 0D       		.uleb128 0xd
 706 0157 08000000 		.4byte	.LBB2
 707 015b 22000000 		.4byte	.LBE2-.LBB2
 708 015f 0E       		.uleb128 0xe
 709 0160 F9010000 		.4byte	.LASF25
 710 0164 01       		.byte	0x1
 711 0165 B4       		.byte	0xb4
 712 0166 A5000000 		.4byte	0xa5
 713 016a 3E000000 		.4byte	.LLST2
 714 016e 0E       		.uleb128 0xe
 715 016f 22000000 		.4byte	.LASF26
 716 0173 01       		.byte	0x1
 717 0174 B5       		.byte	0xb5
 718 0175 8D000000 		.4byte	0x8d
 719 0179 51000000 		.4byte	.LLST3
 720 017d 00       		.byte	0
 721 017e 00       		.byte	0
 722 017f 0F       		.uleb128 0xf
 723 0180 04       		.byte	0x4
 724 0181 85010000 		.4byte	0x185
 725 0185 10       		.uleb128 0x10
 726 0186 A5000000 		.4byte	0xa5
 727 018a 0F       		.uleb128 0xf
 728 018b 04       		.byte	0x4
 729 018c 90010000 		.4byte	0x190
 730 0190 10       		.uleb128 0x10
 731 0191 02010000 		.4byte	0x102
 732 0195 0A       		.uleb128 0xa
 733 0196 8F000000 		.4byte	.LASF28
 734 019a 01       		.byte	0x1
 735 019b 4C       		.byte	0x4c
 736 019c 00000000 		.4byte	.LFB0
 737 01a0 0C000000 		.4byte	.LFE0-.LFB0
 738 01a4 01       		.uleb128 0x1
 739 01a5 9C       		.byte	0x9c
 740 01a6 E2010000 		.4byte	0x1e2
 741 01aa 11       		.uleb128 0x11
 742 01ab 7300     		.ascii	"s\000"
 743 01ad 01       		.byte	0x1
 744 01ae 4C       		.byte	0x4c
 745 01af 84000000 		.4byte	0x84
ARM GAS  C:\Users\STUDEN~1\AppData\Local\Temp\ccFk24vK.s 			page 22


 746 01b3 6F000000 		.4byte	.LLST4
 747 01b7 11       		.uleb128 0x11
 748 01b8 6E00     		.ascii	"n\000"
 749 01ba 01       		.byte	0x1
 750 01bb 4C       		.byte	0x4c
 751 01bc 2C000000 		.4byte	0x2c
 752 01c0 90000000 		.4byte	.LLST5
 753 01c4 12       		.uleb128 0x12
 754 01c5 0A000000 		.4byte	.LVL14
 755 01c9 75030000 		.4byte	0x375
 756 01cd 13       		.uleb128 0x13
 757 01ce 01       		.uleb128 0x1
 758 01cf 50       		.byte	0x50
 759 01d0 03       		.uleb128 0x3
 760 01d1 F3       		.byte	0xf3
 761 01d2 01       		.uleb128 0x1
 762 01d3 50       		.byte	0x50
 763 01d4 13       		.uleb128 0x13
 764 01d5 01       		.uleb128 0x1
 765 01d6 51       		.byte	0x51
 766 01d7 01       		.uleb128 0x1
 767 01d8 30       		.byte	0x30
 768 01d9 13       		.uleb128 0x13
 769 01da 01       		.uleb128 0x1
 770 01db 52       		.byte	0x52
 771 01dc 03       		.uleb128 0x3
 772 01dd F3       		.byte	0xf3
 773 01de 01       		.uleb128 0x1
 774 01df 51       		.byte	0x51
 775 01e0 00       		.byte	0
 776 01e1 00       		.byte	0
 777 01e2 0A       		.uleb128 0xa
 778 01e3 28000000 		.4byte	.LASF29
 779 01e7 01       		.byte	0x1
 780 01e8 D3       		.byte	0xd3
 781 01e9 00000000 		.4byte	.LFB4
 782 01ed 84000000 		.4byte	.LFE4-.LFB4
 783 01f1 01       		.uleb128 0x1
 784 01f2 9C       		.byte	0x9c
 785 01f3 2D020000 		.4byte	0x22d
 786 01f7 14       		.uleb128 0x14
 787 01f8 14000000 		.4byte	.LVL15
 788 01fc 7E030000 		.4byte	0x37e
 789 0200 0A020000 		.4byte	0x20a
 790 0204 13       		.uleb128 0x13
 791 0205 01       		.uleb128 0x1
 792 0206 50       		.byte	0x50
 793 0207 01       		.uleb128 0x1
 794 0208 48       		.byte	0x48
 795 0209 00       		.byte	0
 796 020a 14       		.uleb128 0x14
 797 020b 48000000 		.4byte	.LVL16
 798 020f 89030000 		.4byte	0x389
 799 0213 1D020000 		.4byte	0x21d
 800 0217 13       		.uleb128 0x13
 801 0218 01       		.uleb128 0x1
 802 0219 50       		.byte	0x50
ARM GAS  C:\Users\STUDEN~1\AppData\Local\Temp\ccFk24vK.s 			page 23


 803 021a 01       		.uleb128 0x1
 804 021b 39       		.byte	0x39
 805 021c 00       		.byte	0
 806 021d 12       		.uleb128 0x12
 807 021e 4E000000 		.4byte	.LVL17
 808 0222 94030000 		.4byte	0x394
 809 0226 13       		.uleb128 0x13
 810 0227 01       		.uleb128 0x1
 811 0228 50       		.byte	0x50
 812 0229 01       		.uleb128 0x1
 813 022a 39       		.byte	0x39
 814 022b 00       		.byte	0
 815 022c 00       		.byte	0
 816 022d 15       		.uleb128 0x15
 817 022e 32010000 		.4byte	.LASF42
 818 0232 01       		.byte	0x1
 819 0233 2101     		.2byte	0x121
 820 0235 84000000 		.4byte	.LFB6
 821 0239 C4000000 		.4byte	.LFE6-.LFB6
 822 023d 01       		.uleb128 0x1
 823 023e 9C       		.byte	0x9c
 824 023f 4B030000 		.4byte	0x34b
 825 0243 16       		.uleb128 0x16
 826 0244 8E000000 		.4byte	.LBB3
 827 0248 70000000 		.4byte	.LBE3-.LBB3
 828 024c 41030000 		.4byte	0x341
 829 0250 17       		.uleb128 0x17
 830 0251 33000000 		.4byte	.LASF30
 831 0255 01       		.byte	0x1
 832 0256 2901     		.2byte	0x129
 833 0258 5B030000 		.4byte	0x35b
 834 025c 05       		.uleb128 0x5
 835 025d 03       		.byte	0x3
 836 025e A8000000 		.4byte	cy_cfg_addr_table.4864
 837 0262 17       		.uleb128 0x17
 838 0263 45000000 		.4byte	.LASF31
 839 0267 01       		.byte	0x1
 840 0268 3201     		.2byte	0x132
 841 026a 70030000 		.4byte	0x370
 842 026e 05       		.uleb128 0x5
 843 026f 03       		.byte	0x3
 844 0270 0C000000 		.4byte	cy_cfg_data_table.4865
 845 0274 18       		.uleb128 0x18
 846 0275 06       		.byte	0x6
 847 0276 01       		.byte	0x1
 848 0277 8401     		.2byte	0x184
 849 0279 98020000 		.4byte	0x298
 850 027d 19       		.uleb128 0x19
 851 027e 3F010000 		.4byte	.LASF32
 852 0282 01       		.byte	0x1
 853 0283 8501     		.2byte	0x185
 854 0285 84000000 		.4byte	0x84
 855 0289 00       		.byte	0
 856 028a 19       		.uleb128 0x19
 857 028b 6D000000 		.4byte	.LASF33
 858 028f 01       		.byte	0x1
 859 0290 8601     		.2byte	0x186
ARM GAS  C:\Users\STUDEN~1\AppData\Local\Temp\ccFk24vK.s 			page 24


 860 0292 99000000 		.4byte	0x99
 861 0296 04       		.byte	0x4
 862 0297 00       		.byte	0
 863 0298 06       		.uleb128 0x6
 864 0299 EC010000 		.4byte	.LASF34
 865 029d 01       		.byte	0x1
 866 029e 8701     		.2byte	0x187
 867 02a0 74020000 		.4byte	0x274
 868 02a4 1A       		.uleb128 0x1a
 869 02a5 B4020000 		.4byte	0x2b4
 870 02a9 B4020000 		.4byte	0x2b4
 871 02ad 1B       		.uleb128 0x1b
 872 02ae 7D000000 		.4byte	0x7d
 873 02b2 01       		.byte	0x1
 874 02b3 00       		.byte	0
 875 02b4 10       		.uleb128 0x10
 876 02b5 98020000 		.4byte	0x298
 877 02b9 17       		.uleb128 0x17
 878 02ba 5D000000 		.4byte	.LASF35
 879 02be 01       		.byte	0x1
 880 02bf 8901     		.2byte	0x189
 881 02c1 CB020000 		.4byte	0x2cb
 882 02c5 05       		.uleb128 0x5
 883 02c6 03       		.byte	0x3
 884 02c7 00000000 		.4byte	cfg_memset_list.4870
 885 02cb 10       		.uleb128 0x10
 886 02cc A4020000 		.4byte	0x2a4
 887 02d0 1C       		.uleb128 0x1c
 888 02d1 6900     		.ascii	"i\000"
 889 02d3 01       		.byte	0x1
 890 02d4 8F01     		.2byte	0x18f
 891 02d6 8D000000 		.4byte	0x8d
 892 02da BC000000 		.4byte	.LLST6
 893 02de 16       		.uleb128 0x16
 894 02df 92000000 		.4byte	.LBB4
 895 02e3 1C000000 		.4byte	.LBE4-.LBB4
 896 02e7 24030000 		.4byte	0x324
 897 02eb 1C       		.uleb128 0x1c
 898 02ec 6D7300   		.ascii	"ms\000"
 899 02ef 01       		.byte	0x1
 900 02f0 9401     		.2byte	0x194
 901 02f2 FA020000 		.4byte	0x2fa
 902 02f6 E6000000 		.4byte	.LLST7
 903 02fa 0F       		.uleb128 0xf
 904 02fb 04       		.byte	0x4
 905 02fc B4020000 		.4byte	0x2b4
 906 0300 12       		.uleb128 0x12
 907 0301 AE000000 		.4byte	.LVL20
 908 0305 95010000 		.4byte	0x195
 909 0309 13       		.uleb128 0x13
 910 030a 01       		.uleb128 0x1
 911 030b 51       		.byte	0x51
 912 030c 15       		.uleb128 0x15
 913 030d 74       		.byte	0x74
 914 030e 00       		.sleb128 0
 915 030f 31       		.byte	0x31
 916 0310 24       		.byte	0x24
ARM GAS  C:\Users\STUDEN~1\AppData\Local\Temp\ccFk24vK.s 			page 25


 917 0311 74       		.byte	0x74
 918 0312 00       		.sleb128 0
 919 0313 22       		.byte	0x22
 920 0314 31       		.byte	0x31
 921 0315 24       		.byte	0x24
 922 0316 03       		.byte	0x3
 923 0317 04000000 		.4byte	.LANCHOR0+4
 924 031b 22       		.byte	0x22
 925 031c 94       		.byte	0x94
 926 031d 02       		.byte	0x2
 927 031e 0A       		.byte	0xa
 928 031f FFFF     		.2byte	0xffff
 929 0321 1A       		.byte	0x1a
 930 0322 00       		.byte	0
 931 0323 00       		.byte	0
 932 0324 12       		.uleb128 0x12
 933 0325 C2000000 		.4byte	.LVL23
 934 0329 0D010000 		.4byte	0x10d
 935 032d 13       		.uleb128 0x13
 936 032e 01       		.uleb128 0x1
 937 032f 50       		.byte	0x50
 938 0330 05       		.uleb128 0x5
 939 0331 03       		.byte	0x3
 940 0332 A8000000 		.4byte	.LANCHOR1+40
 941 0336 13       		.uleb128 0x13
 942 0337 01       		.uleb128 0x1
 943 0338 51       		.byte	0x51
 944 0339 05       		.uleb128 0x5
 945 033a 03       		.byte	0x3
 946 033b 0C000000 		.4byte	.LANCHOR0+12
 947 033f 00       		.byte	0
 948 0340 00       		.byte	0
 949 0341 1D       		.uleb128 0x1d
 950 0342 10010000 		.4byte	.LVL24
 951 0346 E2010000 		.4byte	0x1e2
 952 034a 00       		.byte	0
 953 034b 1A       		.uleb128 0x1a
 954 034c 85010000 		.4byte	0x185
 955 0350 5B030000 		.4byte	0x35b
 956 0354 1B       		.uleb128 0x1b
 957 0355 7D000000 		.4byte	0x7d
 958 0359 05       		.byte	0x5
 959 035a 00       		.byte	0
 960 035b 10       		.uleb128 0x10
 961 035c 4B030000 		.4byte	0x34b
 962 0360 1A       		.uleb128 0x1a
 963 0361 90010000 		.4byte	0x190
 964 0365 70030000 		.4byte	0x370
 965 0369 1B       		.uleb128 0x1b
 966 036a 7D000000 		.4byte	0x7d
 967 036e 4C       		.byte	0x4c
 968 036f 00       		.byte	0
 969 0370 10       		.uleb128 0x10
 970 0371 60030000 		.4byte	0x360
 971 0375 1E       		.uleb128 0x1e
 972 0376 A7000000 		.4byte	.LASF43
 973 037a A7000000 		.4byte	.LASF43
ARM GAS  C:\Users\STUDEN~1\AppData\Local\Temp\ccFk24vK.s 			page 26


 974 037e 1F       		.uleb128 0x1f
 975 037f 55020000 		.4byte	.LASF36
 976 0383 55020000 		.4byte	.LASF36
 977 0387 04       		.byte	0x4
 978 0388 6C       		.byte	0x6c
 979 0389 1F       		.uleb128 0x1f
 980 038a 0D000000 		.4byte	.LASF37
 981 038e 0D000000 		.4byte	.LASF37
 982 0392 04       		.byte	0x4
 983 0393 BD       		.byte	0xbd
 984 0394 1F       		.uleb128 0x1f
 985 0395 7F020000 		.4byte	.LASF38
 986 0399 7F020000 		.4byte	.LASF38
 987 039d 04       		.byte	0x4
 988 039e C3       		.byte	0xc3
 989 039f 00       		.byte	0
 990              		.section	.debug_abbrev,"",%progbits
 991              	.Ldebug_abbrev0:
 992 0000 01       		.uleb128 0x1
 993 0001 11       		.uleb128 0x11
 994 0002 01       		.byte	0x1
 995 0003 25       		.uleb128 0x25
 996 0004 0E       		.uleb128 0xe
 997 0005 13       		.uleb128 0x13
 998 0006 0B       		.uleb128 0xb
 999 0007 03       		.uleb128 0x3
 1000 0008 0E       		.uleb128 0xe
 1001 0009 1B       		.uleb128 0x1b
 1002 000a 0E       		.uleb128 0xe
 1003 000b 55       		.uleb128 0x55
 1004 000c 17       		.uleb128 0x17
 1005 000d 11       		.uleb128 0x11
 1006 000e 01       		.uleb128 0x1
 1007 000f 10       		.uleb128 0x10
 1008 0010 17       		.uleb128 0x17
 1009 0011 00       		.byte	0
 1010 0012 00       		.byte	0
 1011 0013 02       		.uleb128 0x2
 1012 0014 24       		.uleb128 0x24
 1013 0015 00       		.byte	0
 1014 0016 0B       		.uleb128 0xb
 1015 0017 0B       		.uleb128 0xb
 1016 0018 3E       		.uleb128 0x3e
 1017 0019 0B       		.uleb128 0xb
 1018 001a 03       		.uleb128 0x3
 1019 001b 08       		.uleb128 0x8
 1020 001c 00       		.byte	0
 1021 001d 00       		.byte	0
 1022 001e 03       		.uleb128 0x3
 1023 001f 16       		.uleb128 0x16
 1024 0020 00       		.byte	0
 1025 0021 03       		.uleb128 0x3
 1026 0022 0E       		.uleb128 0xe
 1027 0023 3A       		.uleb128 0x3a
 1028 0024 0B       		.uleb128 0xb
 1029 0025 3B       		.uleb128 0x3b
 1030 0026 0B       		.uleb128 0xb
ARM GAS  C:\Users\STUDEN~1\AppData\Local\Temp\ccFk24vK.s 			page 27


 1031 0027 49       		.uleb128 0x49
 1032 0028 13       		.uleb128 0x13
 1033 0029 00       		.byte	0
 1034 002a 00       		.byte	0
 1035 002b 04       		.uleb128 0x4
 1036 002c 24       		.uleb128 0x24
 1037 002d 00       		.byte	0
 1038 002e 0B       		.uleb128 0xb
 1039 002f 0B       		.uleb128 0xb
 1040 0030 3E       		.uleb128 0x3e
 1041 0031 0B       		.uleb128 0xb
 1042 0032 03       		.uleb128 0x3
 1043 0033 0E       		.uleb128 0xe
 1044 0034 00       		.byte	0
 1045 0035 00       		.byte	0
 1046 0036 05       		.uleb128 0x5
 1047 0037 0F       		.uleb128 0xf
 1048 0038 00       		.byte	0
 1049 0039 0B       		.uleb128 0xb
 1050 003a 0B       		.uleb128 0xb
 1051 003b 00       		.byte	0
 1052 003c 00       		.byte	0
 1053 003d 06       		.uleb128 0x6
 1054 003e 16       		.uleb128 0x16
 1055 003f 00       		.byte	0
 1056 0040 03       		.uleb128 0x3
 1057 0041 0E       		.uleb128 0xe
 1058 0042 3A       		.uleb128 0x3a
 1059 0043 0B       		.uleb128 0xb
 1060 0044 3B       		.uleb128 0x3b
 1061 0045 05       		.uleb128 0x5
 1062 0046 49       		.uleb128 0x49
 1063 0047 13       		.uleb128 0x13
 1064 0048 00       		.byte	0
 1065 0049 00       		.byte	0
 1066 004a 07       		.uleb128 0x7
 1067 004b 35       		.uleb128 0x35
 1068 004c 00       		.byte	0
 1069 004d 49       		.uleb128 0x49
 1070 004e 13       		.uleb128 0x13
 1071 004f 00       		.byte	0
 1072 0050 00       		.byte	0
 1073 0051 08       		.uleb128 0x8
 1074 0052 13       		.uleb128 0x13
 1075 0053 01       		.byte	0x1
 1076 0054 0B       		.uleb128 0xb
 1077 0055 0B       		.uleb128 0xb
 1078 0056 3A       		.uleb128 0x3a
 1079 0057 0B       		.uleb128 0xb
 1080 0058 3B       		.uleb128 0x3b
 1081 0059 0B       		.uleb128 0xb
 1082 005a 01       		.uleb128 0x1
 1083 005b 13       		.uleb128 0x13
 1084 005c 00       		.byte	0
 1085 005d 00       		.byte	0
 1086 005e 09       		.uleb128 0x9
 1087 005f 0D       		.uleb128 0xd
ARM GAS  C:\Users\STUDEN~1\AppData\Local\Temp\ccFk24vK.s 			page 28


 1088 0060 00       		.byte	0
 1089 0061 03       		.uleb128 0x3
 1090 0062 0E       		.uleb128 0xe
 1091 0063 3A       		.uleb128 0x3a
 1092 0064 0B       		.uleb128 0xb
 1093 0065 3B       		.uleb128 0x3b
 1094 0066 0B       		.uleb128 0xb
 1095 0067 49       		.uleb128 0x49
 1096 0068 13       		.uleb128 0x13
 1097 0069 38       		.uleb128 0x38
 1098 006a 0B       		.uleb128 0xb
 1099 006b 00       		.byte	0
 1100 006c 00       		.byte	0
 1101 006d 0A       		.uleb128 0xa
 1102 006e 2E       		.uleb128 0x2e
 1103 006f 01       		.byte	0x1
 1104 0070 03       		.uleb128 0x3
 1105 0071 0E       		.uleb128 0xe
 1106 0072 3A       		.uleb128 0x3a
 1107 0073 0B       		.uleb128 0xb
 1108 0074 3B       		.uleb128 0x3b
 1109 0075 0B       		.uleb128 0xb
 1110 0076 27       		.uleb128 0x27
 1111 0077 19       		.uleb128 0x19
 1112 0078 11       		.uleb128 0x11
 1113 0079 01       		.uleb128 0x1
 1114 007a 12       		.uleb128 0x12
 1115 007b 06       		.uleb128 0x6
 1116 007c 40       		.uleb128 0x40
 1117 007d 18       		.uleb128 0x18
 1118 007e 9742     		.uleb128 0x2117
 1119 0080 19       		.uleb128 0x19
 1120 0081 01       		.uleb128 0x1
 1121 0082 13       		.uleb128 0x13
 1122 0083 00       		.byte	0
 1123 0084 00       		.byte	0
 1124 0085 0B       		.uleb128 0xb
 1125 0086 05       		.uleb128 0x5
 1126 0087 00       		.byte	0
 1127 0088 03       		.uleb128 0x3
 1128 0089 0E       		.uleb128 0xe
 1129 008a 3A       		.uleb128 0x3a
 1130 008b 0B       		.uleb128 0xb
 1131 008c 3B       		.uleb128 0x3b
 1132 008d 0B       		.uleb128 0xb
 1133 008e 49       		.uleb128 0x49
 1134 008f 13       		.uleb128 0x13
 1135 0090 02       		.uleb128 0x2
 1136 0091 18       		.uleb128 0x18
 1137 0092 00       		.byte	0
 1138 0093 00       		.byte	0
 1139 0094 0C       		.uleb128 0xc
 1140 0095 34       		.uleb128 0x34
 1141 0096 00       		.byte	0
 1142 0097 03       		.uleb128 0x3
 1143 0098 08       		.uleb128 0x8
 1144 0099 3A       		.uleb128 0x3a
ARM GAS  C:\Users\STUDEN~1\AppData\Local\Temp\ccFk24vK.s 			page 29


 1145 009a 0B       		.uleb128 0xb
 1146 009b 3B       		.uleb128 0x3b
 1147 009c 0B       		.uleb128 0xb
 1148 009d 49       		.uleb128 0x49
 1149 009e 13       		.uleb128 0x13
 1150 009f 02       		.uleb128 0x2
 1151 00a0 17       		.uleb128 0x17
 1152 00a1 00       		.byte	0
 1153 00a2 00       		.byte	0
 1154 00a3 0D       		.uleb128 0xd
 1155 00a4 0B       		.uleb128 0xb
 1156 00a5 01       		.byte	0x1
 1157 00a6 11       		.uleb128 0x11
 1158 00a7 01       		.uleb128 0x1
 1159 00a8 12       		.uleb128 0x12
 1160 00a9 06       		.uleb128 0x6
 1161 00aa 00       		.byte	0
 1162 00ab 00       		.byte	0
 1163 00ac 0E       		.uleb128 0xe
 1164 00ad 34       		.uleb128 0x34
 1165 00ae 00       		.byte	0
 1166 00af 03       		.uleb128 0x3
 1167 00b0 0E       		.uleb128 0xe
 1168 00b1 3A       		.uleb128 0x3a
 1169 00b2 0B       		.uleb128 0xb
 1170 00b3 3B       		.uleb128 0x3b
 1171 00b4 0B       		.uleb128 0xb
 1172 00b5 49       		.uleb128 0x49
 1173 00b6 13       		.uleb128 0x13
 1174 00b7 02       		.uleb128 0x2
 1175 00b8 17       		.uleb128 0x17
 1176 00b9 00       		.byte	0
 1177 00ba 00       		.byte	0
 1178 00bb 0F       		.uleb128 0xf
 1179 00bc 0F       		.uleb128 0xf
 1180 00bd 00       		.byte	0
 1181 00be 0B       		.uleb128 0xb
 1182 00bf 0B       		.uleb128 0xb
 1183 00c0 49       		.uleb128 0x49
 1184 00c1 13       		.uleb128 0x13
 1185 00c2 00       		.byte	0
 1186 00c3 00       		.byte	0
 1187 00c4 10       		.uleb128 0x10
 1188 00c5 26       		.uleb128 0x26
 1189 00c6 00       		.byte	0
 1190 00c7 49       		.uleb128 0x49
 1191 00c8 13       		.uleb128 0x13
 1192 00c9 00       		.byte	0
 1193 00ca 00       		.byte	0
 1194 00cb 11       		.uleb128 0x11
 1195 00cc 05       		.uleb128 0x5
 1196 00cd 00       		.byte	0
 1197 00ce 03       		.uleb128 0x3
 1198 00cf 08       		.uleb128 0x8
 1199 00d0 3A       		.uleb128 0x3a
 1200 00d1 0B       		.uleb128 0xb
 1201 00d2 3B       		.uleb128 0x3b
ARM GAS  C:\Users\STUDEN~1\AppData\Local\Temp\ccFk24vK.s 			page 30


 1202 00d3 0B       		.uleb128 0xb
 1203 00d4 49       		.uleb128 0x49
 1204 00d5 13       		.uleb128 0x13
 1205 00d6 02       		.uleb128 0x2
 1206 00d7 17       		.uleb128 0x17
 1207 00d8 00       		.byte	0
 1208 00d9 00       		.byte	0
 1209 00da 12       		.uleb128 0x12
 1210 00db 898201   		.uleb128 0x4109
 1211 00de 01       		.byte	0x1
 1212 00df 11       		.uleb128 0x11
 1213 00e0 01       		.uleb128 0x1
 1214 00e1 31       		.uleb128 0x31
 1215 00e2 13       		.uleb128 0x13
 1216 00e3 00       		.byte	0
 1217 00e4 00       		.byte	0
 1218 00e5 13       		.uleb128 0x13
 1219 00e6 8A8201   		.uleb128 0x410a
 1220 00e9 00       		.byte	0
 1221 00ea 02       		.uleb128 0x2
 1222 00eb 18       		.uleb128 0x18
 1223 00ec 9142     		.uleb128 0x2111
 1224 00ee 18       		.uleb128 0x18
 1225 00ef 00       		.byte	0
 1226 00f0 00       		.byte	0
 1227 00f1 14       		.uleb128 0x14
 1228 00f2 898201   		.uleb128 0x4109
 1229 00f5 01       		.byte	0x1
 1230 00f6 11       		.uleb128 0x11
 1231 00f7 01       		.uleb128 0x1
 1232 00f8 31       		.uleb128 0x31
 1233 00f9 13       		.uleb128 0x13
 1234 00fa 01       		.uleb128 0x1
 1235 00fb 13       		.uleb128 0x13
 1236 00fc 00       		.byte	0
 1237 00fd 00       		.byte	0
 1238 00fe 15       		.uleb128 0x15
 1239 00ff 2E       		.uleb128 0x2e
 1240 0100 01       		.byte	0x1
 1241 0101 3F       		.uleb128 0x3f
 1242 0102 19       		.uleb128 0x19
 1243 0103 03       		.uleb128 0x3
 1244 0104 0E       		.uleb128 0xe
 1245 0105 3A       		.uleb128 0x3a
 1246 0106 0B       		.uleb128 0xb
 1247 0107 3B       		.uleb128 0x3b
 1248 0108 05       		.uleb128 0x5
 1249 0109 27       		.uleb128 0x27
 1250 010a 19       		.uleb128 0x19
 1251 010b 11       		.uleb128 0x11
 1252 010c 01       		.uleb128 0x1
 1253 010d 12       		.uleb128 0x12
 1254 010e 06       		.uleb128 0x6
 1255 010f 40       		.uleb128 0x40
 1256 0110 18       		.uleb128 0x18
 1257 0111 9742     		.uleb128 0x2117
 1258 0113 19       		.uleb128 0x19
ARM GAS  C:\Users\STUDEN~1\AppData\Local\Temp\ccFk24vK.s 			page 31


 1259 0114 01       		.uleb128 0x1
 1260 0115 13       		.uleb128 0x13
 1261 0116 00       		.byte	0
 1262 0117 00       		.byte	0
 1263 0118 16       		.uleb128 0x16
 1264 0119 0B       		.uleb128 0xb
 1265 011a 01       		.byte	0x1
 1266 011b 11       		.uleb128 0x11
 1267 011c 01       		.uleb128 0x1
 1268 011d 12       		.uleb128 0x12
 1269 011e 06       		.uleb128 0x6
 1270 011f 01       		.uleb128 0x1
 1271 0120 13       		.uleb128 0x13
 1272 0121 00       		.byte	0
 1273 0122 00       		.byte	0
 1274 0123 17       		.uleb128 0x17
 1275 0124 34       		.uleb128 0x34
 1276 0125 00       		.byte	0
 1277 0126 03       		.uleb128 0x3
 1278 0127 0E       		.uleb128 0xe
 1279 0128 3A       		.uleb128 0x3a
 1280 0129 0B       		.uleb128 0xb
 1281 012a 3B       		.uleb128 0x3b
 1282 012b 05       		.uleb128 0x5
 1283 012c 49       		.uleb128 0x49
 1284 012d 13       		.uleb128 0x13
 1285 012e 02       		.uleb128 0x2
 1286 012f 18       		.uleb128 0x18
 1287 0130 00       		.byte	0
 1288 0131 00       		.byte	0
 1289 0132 18       		.uleb128 0x18
 1290 0133 13       		.uleb128 0x13
 1291 0134 01       		.byte	0x1
 1292 0135 0B       		.uleb128 0xb
 1293 0136 0B       		.uleb128 0xb
 1294 0137 3A       		.uleb128 0x3a
 1295 0138 0B       		.uleb128 0xb
 1296 0139 3B       		.uleb128 0x3b
 1297 013a 05       		.uleb128 0x5
 1298 013b 01       		.uleb128 0x1
 1299 013c 13       		.uleb128 0x13
 1300 013d 00       		.byte	0
 1301 013e 00       		.byte	0
 1302 013f 19       		.uleb128 0x19
 1303 0140 0D       		.uleb128 0xd
 1304 0141 00       		.byte	0
 1305 0142 03       		.uleb128 0x3
 1306 0143 0E       		.uleb128 0xe
 1307 0144 3A       		.uleb128 0x3a
 1308 0145 0B       		.uleb128 0xb
 1309 0146 3B       		.uleb128 0x3b
 1310 0147 05       		.uleb128 0x5
 1311 0148 49       		.uleb128 0x49
 1312 0149 13       		.uleb128 0x13
 1313 014a 38       		.uleb128 0x38
 1314 014b 0B       		.uleb128 0xb
 1315 014c 00       		.byte	0
ARM GAS  C:\Users\STUDEN~1\AppData\Local\Temp\ccFk24vK.s 			page 32


 1316 014d 00       		.byte	0
 1317 014e 1A       		.uleb128 0x1a
 1318 014f 01       		.uleb128 0x1
 1319 0150 01       		.byte	0x1
 1320 0151 49       		.uleb128 0x49
 1321 0152 13       		.uleb128 0x13
 1322 0153 01       		.uleb128 0x1
 1323 0154 13       		.uleb128 0x13
 1324 0155 00       		.byte	0
 1325 0156 00       		.byte	0
 1326 0157 1B       		.uleb128 0x1b
 1327 0158 21       		.uleb128 0x21
 1328 0159 00       		.byte	0
 1329 015a 49       		.uleb128 0x49
 1330 015b 13       		.uleb128 0x13
 1331 015c 2F       		.uleb128 0x2f
 1332 015d 0B       		.uleb128 0xb
 1333 015e 00       		.byte	0
 1334 015f 00       		.byte	0
 1335 0160 1C       		.uleb128 0x1c
 1336 0161 34       		.uleb128 0x34
 1337 0162 00       		.byte	0
 1338 0163 03       		.uleb128 0x3
 1339 0164 08       		.uleb128 0x8
 1340 0165 3A       		.uleb128 0x3a
 1341 0166 0B       		.uleb128 0xb
 1342 0167 3B       		.uleb128 0x3b
 1343 0168 05       		.uleb128 0x5
 1344 0169 49       		.uleb128 0x49
 1345 016a 13       		.uleb128 0x13
 1346 016b 02       		.uleb128 0x2
 1347 016c 17       		.uleb128 0x17
 1348 016d 00       		.byte	0
 1349 016e 00       		.byte	0
 1350 016f 1D       		.uleb128 0x1d
 1351 0170 898201   		.uleb128 0x4109
 1352 0173 00       		.byte	0
 1353 0174 11       		.uleb128 0x11
 1354 0175 01       		.uleb128 0x1
 1355 0176 31       		.uleb128 0x31
 1356 0177 13       		.uleb128 0x13
 1357 0178 00       		.byte	0
 1358 0179 00       		.byte	0
 1359 017a 1E       		.uleb128 0x1e
 1360 017b 2E       		.uleb128 0x2e
 1361 017c 00       		.byte	0
 1362 017d 3F       		.uleb128 0x3f
 1363 017e 19       		.uleb128 0x19
 1364 017f 3C       		.uleb128 0x3c
 1365 0180 19       		.uleb128 0x19
 1366 0181 6E       		.uleb128 0x6e
 1367 0182 0E       		.uleb128 0xe
 1368 0183 03       		.uleb128 0x3
 1369 0184 0E       		.uleb128 0xe
 1370 0185 00       		.byte	0
 1371 0186 00       		.byte	0
 1372 0187 1F       		.uleb128 0x1f
ARM GAS  C:\Users\STUDEN~1\AppData\Local\Temp\ccFk24vK.s 			page 33


 1373 0188 2E       		.uleb128 0x2e
 1374 0189 00       		.byte	0
 1375 018a 3F       		.uleb128 0x3f
 1376 018b 19       		.uleb128 0x19
 1377 018c 3C       		.uleb128 0x3c
 1378 018d 19       		.uleb128 0x19
 1379 018e 6E       		.uleb128 0x6e
 1380 018f 0E       		.uleb128 0xe
 1381 0190 03       		.uleb128 0x3
 1382 0191 0E       		.uleb128 0xe
 1383 0192 3A       		.uleb128 0x3a
 1384 0193 0B       		.uleb128 0xb
 1385 0194 3B       		.uleb128 0x3b
 1386 0195 0B       		.uleb128 0xb
 1387 0196 00       		.byte	0
 1388 0197 00       		.byte	0
 1389 0198 00       		.byte	0
 1390              		.section	.debug_loc,"",%progbits
 1391              	.Ldebug_loc0:
 1392              	.LLST0:
 1393 0000 02000000 		.4byte	.LVL1
 1394 0004 08000000 		.4byte	.LVL2
 1395 0008 0200     		.2byte	0x2
 1396 000a 30       		.byte	0x30
 1397 000b 9F       		.byte	0x9f
 1398 000c 08000000 		.4byte	.LVL2
 1399 0010 30000000 		.4byte	.LVL11
 1400 0014 0100     		.2byte	0x1
 1401 0016 57       		.byte	0x57
 1402 0017 00000000 		.4byte	0
 1403 001b 00000000 		.4byte	0
 1404              	.LLST1:
 1405 001f 02000000 		.4byte	.LVL1
 1406 0023 08000000 		.4byte	.LVL2
 1407 0027 0200     		.2byte	0x2
 1408 0029 30       		.byte	0x30
 1409 002a 9F       		.byte	0x9f
 1410 002b 08000000 		.4byte	.LVL2
 1411 002f 30000000 		.4byte	.LVL10
 1412 0033 0100     		.2byte	0x1
 1413 0035 55       		.byte	0x55
 1414 0036 00000000 		.4byte	0
 1415 003a 00000000 		.4byte	0
 1416              	.LLST2:
 1417 003e 0C000000 		.4byte	.LVL3
 1418 0042 2C000000 		.4byte	.LVL9
 1419 0046 0100     		.2byte	0x1
 1420 0048 56       		.byte	0x56
 1421 0049 00000000 		.4byte	0
 1422 004d 00000000 		.4byte	0
 1423              	.LLST3:
 1424 0051 0E000000 		.4byte	.LVL4
 1425 0055 24000000 		.4byte	.LVL7
 1426 0059 0100     		.2byte	0x1
 1427 005b 53       		.byte	0x53
 1428 005c 26000000 		.4byte	.LVL8
 1429 0060 2C000000 		.4byte	.LVL9
ARM GAS  C:\Users\STUDEN~1\AppData\Local\Temp\ccFk24vK.s 			page 34


 1430 0064 0100     		.2byte	0x1
 1431 0066 53       		.byte	0x53
 1432 0067 00000000 		.4byte	0
 1433 006b 00000000 		.4byte	0
 1434              	.LLST4:
 1435 006f 00000000 		.4byte	.LVL12
 1436 0073 09000000 		.4byte	.LVL14-1
 1437 0077 0100     		.2byte	0x1
 1438 0079 50       		.byte	0x50
 1439 007a 09000000 		.4byte	.LVL14-1
 1440 007e 0C000000 		.4byte	.LFE0
 1441 0082 0400     		.2byte	0x4
 1442 0084 F3       		.byte	0xf3
 1443 0085 01       		.uleb128 0x1
 1444 0086 50       		.byte	0x50
 1445 0087 9F       		.byte	0x9f
 1446 0088 00000000 		.4byte	0
 1447 008c 00000000 		.4byte	0
 1448              	.LLST5:
 1449 0090 00000000 		.4byte	.LVL12
 1450 0094 06000000 		.4byte	.LVL13
 1451 0098 0100     		.2byte	0x1
 1452 009a 51       		.byte	0x51
 1453 009b 06000000 		.4byte	.LVL13
 1454 009f 09000000 		.4byte	.LVL14-1
 1455 00a3 0100     		.2byte	0x1
 1456 00a5 52       		.byte	0x52
 1457 00a6 09000000 		.4byte	.LVL14-1
 1458 00aa 0C000000 		.4byte	.LFE0
 1459 00ae 0400     		.2byte	0x4
 1460 00b0 F3       		.byte	0xf3
 1461 00b1 01       		.uleb128 0x1
 1462 00b2 51       		.byte	0x51
 1463 00b3 9F       		.byte	0x9f
 1464 00b4 00000000 		.4byte	0
 1465 00b8 00000000 		.4byte	0
 1466              	.LLST6:
 1467 00bc 8E000000 		.4byte	.LVL18
 1468 00c0 92000000 		.4byte	.LVL19
 1469 00c4 0200     		.2byte	0x2
 1470 00c6 30       		.byte	0x30
 1471 00c7 9F       		.byte	0x9f
 1472 00c8 92000000 		.4byte	.LVL19
 1473 00cc B0000000 		.4byte	.LVL21
 1474 00d0 0100     		.2byte	0x1
 1475 00d2 54       		.byte	0x54
 1476 00d3 B2000000 		.4byte	.LVL22
 1477 00d7 10010000 		.4byte	.LVL25
 1478 00db 0100     		.2byte	0x1
 1479 00dd 54       		.byte	0x54
 1480 00de 00000000 		.4byte	0
 1481 00e2 00000000 		.4byte	0
 1482              	.LLST7:
 1483 00e6 92000000 		.4byte	.LVL19
 1484 00ea B0000000 		.4byte	.LVL21
 1485 00ee 0B00     		.2byte	0xb
 1486 00f0 74       		.byte	0x74
ARM GAS  C:\Users\STUDEN~1\AppData\Local\Temp\ccFk24vK.s 			page 35


 1487 00f1 00       		.sleb128 0
 1488 00f2 36       		.byte	0x36
 1489 00f3 1E       		.byte	0x1e
 1490 00f4 03       		.byte	0x3
 1491 00f5 00000000 		.4byte	cfg_memset_list.4870
 1492 00f9 22       		.byte	0x22
 1493 00fa 9F       		.byte	0x9f
 1494 00fb B0000000 		.4byte	.LVL21
 1495 00ff B2000000 		.4byte	.LVL22
 1496 0103 0B00     		.2byte	0xb
 1497 0105 74       		.byte	0x74
 1498 0106 7F       		.sleb128 -1
 1499 0107 36       		.byte	0x36
 1500 0108 1E       		.byte	0x1e
 1501 0109 03       		.byte	0x3
 1502 010a 00000000 		.4byte	cfg_memset_list.4870
 1503 010e 22       		.byte	0x22
 1504 010f 9F       		.byte	0x9f
 1505 0110 00000000 		.4byte	0
 1506 0114 00000000 		.4byte	0
 1507              		.section	.debug_aranges,"",%progbits
 1508 0000 34000000 		.4byte	0x34
 1509 0004 0200     		.2byte	0x2
 1510 0006 00000000 		.4byte	.Ldebug_info0
 1511 000a 04       		.byte	0x4
 1512 000b 00       		.byte	0
 1513 000c 0000     		.2byte	0
 1514 000e 0000     		.2byte	0
 1515 0010 00000000 		.4byte	.LFB3
 1516 0014 32000000 		.4byte	.LFE3-.LFB3
 1517 0018 00000000 		.4byte	.LFB0
 1518 001c 0C000000 		.4byte	.LFE0-.LFB0
 1519 0020 00000000 		.4byte	.LFB4
 1520 0024 84000000 		.4byte	.LFE4-.LFB4
 1521 0028 84000000 		.4byte	.LFB6
 1522 002c C4000000 		.4byte	.LFE6-.LFB6
 1523 0030 00000000 		.4byte	0
 1524 0034 00000000 		.4byte	0
 1525              		.section	.debug_ranges,"",%progbits
 1526              	.Ldebug_ranges0:
 1527 0000 00000000 		.4byte	.LFB3
 1528 0004 32000000 		.4byte	.LFE3
 1529 0008 00000000 		.4byte	.LFB0
 1530 000c 0C000000 		.4byte	.LFE0
 1531 0010 00000000 		.4byte	.LFB4
 1532 0014 84000000 		.4byte	.LFE4
 1533 0018 84000000 		.4byte	.LFB6
 1534 001c 48010000 		.4byte	.LFE6
 1535 0020 00000000 		.4byte	0
 1536 0024 00000000 		.4byte	0
 1537              		.section	.debug_line,"",%progbits
 1538              	.Ldebug_line0:
 1539 0000 55010000 		.section	.debug_str,"MS",%progbits,1
 1539      0200D000 
 1539      00000201 
 1539      FB0E0D00 
 1539      01010101 
ARM GAS  C:\Users\STUDEN~1\AppData\Local\Temp\ccFk24vK.s 			page 36


 1540              	.LASF19:
 1541 0000 72656733 		.ascii	"reg32\000"
 1541      3200
 1542              	.LASF12:
 1543 0006 73697A65 		.ascii	"size_t\000"
 1543      5F7400
 1544              	.LASF37:
 1545 000d 4379496E 		.ascii	"CyIntSetVector\000"
 1545      74536574 
 1545      56656374 
 1545      6F7200
 1546              	.LASF21:
 1547 001c 76616C75 		.ascii	"value\000"
 1547      6500
 1548              	.LASF26:
 1549 0022 636F756E 		.ascii	"count\000"
 1549      7400
 1550              	.LASF29:
 1551 0028 436C6F63 		.ascii	"ClockSetup\000"
 1551      6B536574 
 1551      757000
 1552              	.LASF30:
 1553 0033 63795F63 		.ascii	"cy_cfg_addr_table\000"
 1553      66675F61 
 1553      6464725F 
 1553      7461626C 
 1553      6500
 1554              	.LASF31:
 1555 0045 63795F63 		.ascii	"cy_cfg_data_table\000"
 1555      66675F64 
 1555      6174615F 
 1555      7461626C 
 1555      6500
 1556              	.LASF16:
 1557 0057 666C6F61 		.ascii	"float\000"
 1557      7400
 1558              	.LASF35:
 1559 005d 6366675F 		.ascii	"cfg_memset_list\000"
 1559      6D656D73 
 1559      65745F6C 
 1559      69737400 
 1560              	.LASF33:
 1561 006d 73697A65 		.ascii	"size\000"
 1561      00
 1562              	.LASF18:
 1563 0072 72656738 		.ascii	"reg8\000"
 1563      00
 1564              	.LASF8:
 1565 0077 6C6F6E67 		.ascii	"long unsigned int\000"
 1565      20756E73 
 1565      69676E65 
 1565      6420696E 
 1565      7400
 1566              	.LASF13:
 1567 0089 75696E74 		.ascii	"uint8\000"
 1567      3800
 1568              	.LASF28:
ARM GAS  C:\Users\STUDEN~1\AppData\Local\Temp\ccFk24vK.s 			page 37


 1569 008f 43594D45 		.ascii	"CYMEMZERO\000"
 1569      4D5A4552 
 1569      4F00
 1570              	.LASF4:
 1571 0099 756E7369 		.ascii	"unsigned char\000"
 1571      676E6564 
 1571      20636861 
 1571      7200
 1572              	.LASF43:
 1573 00a7 6D656D73 		.ascii	"memset\000"
 1573      657400
 1574              	.LASF17:
 1575 00ae 646F7562 		.ascii	"double\000"
 1575      6C6500
 1576              	.LASF27:
 1577 00b5 6366675F 		.ascii	"cfg_write_bytes32\000"
 1577      77726974 
 1577      655F6279 
 1577      74657333 
 1577      3200
 1578              	.LASF41:
 1579 00c7 433A5C55 		.ascii	"C:\\Users\\Student_2\\Desktop\\Timer_lab\\Timer_lab"
 1579      73657273 
 1579      5C537475 
 1579      64656E74 
 1579      5F325C44 
 1580 00f5 5F4B756E 		.ascii	"_Kunc.cydsn\000"
 1580      632E6379 
 1580      64736E00 
 1581              	.LASF23:
 1582 0101 61646472 		.ascii	"addr_table\000"
 1582      5F746162 
 1582      6C6500
 1583              	.LASF14:
 1584 010c 75696E74 		.ascii	"uint16\000"
 1584      313600
 1585              	.LASF24:
 1586 0113 64617461 		.ascii	"data_table\000"
 1586      5F746162 
 1586      6C6500
 1587              	.LASF15:
 1588 011e 75696E74 		.ascii	"uint32\000"
 1588      333200
 1589              	.LASF0:
 1590 0125 756E7369 		.ascii	"unsigned int\000"
 1590      676E6564 
 1590      20696E74 
 1590      00
 1591              	.LASF42:
 1592 0132 63796669 		.ascii	"cyfitter_cfg\000"
 1592      74746572 
 1592      5F636667 
 1592      00
 1593              	.LASF32:
 1594 013f 61646472 		.ascii	"address\000"
 1594      65737300 
 1595              	.LASF9:
ARM GAS  C:\Users\STUDEN~1\AppData\Local\Temp\ccFk24vK.s 			page 38


 1596 0147 6C6F6E67 		.ascii	"long long unsigned int\000"
 1596      206C6F6E 
 1596      6720756E 
 1596      7369676E 
 1596      65642069 
 1597              	.LASF39:
 1598 015e 474E5520 		.ascii	"GNU C11 5.4.1 20160609 (release) [ARM/embedded-5-br"
 1598      43313120 
 1598      352E342E 
 1598      31203230 
 1598      31363036 
 1599 0191 616E6368 		.ascii	"anch revision 237715] -mcpu=cortex-m0 -mthumb -g -O"
 1599      20726576 
 1599      6973696F 
 1599      6E203233 
 1599      37373135 
 1600 01c4 67202D66 		.ascii	"g -ffunction-sections -ffat-lto-objects\000"
 1600      66756E63 
 1600      74696F6E 
 1600      2D736563 
 1600      74696F6E 
 1601              	.LASF34:
 1602 01ec 6366675F 		.ascii	"cfg_memset_t\000"
 1602      6D656D73 
 1602      65745F74 
 1602      00
 1603              	.LASF25:
 1604 01f9 62617365 		.ascii	"baseAddr\000"
 1604      41646472 
 1604      00
 1605              	.LASF10:
 1606 0202 73697A65 		.ascii	"sizetype\000"
 1606      74797065 
 1606      00
 1607              	.LASF6:
 1608 020b 73686F72 		.ascii	"short unsigned int\000"
 1608      7420756E 
 1608      7369676E 
 1608      65642069 
 1608      6E7400
 1609              	.LASF1:
 1610 021e 6C6F6E67 		.ascii	"long long int\000"
 1610      206C6F6E 
 1610      6720696E 
 1610      7400
 1611              	.LASF11:
 1612 022c 63686172 		.ascii	"char\000"
 1612      00
 1613              	.LASF22:
 1614 0231 63795F63 		.ascii	"cy_cfg_addrvalue_t\000"
 1614      66675F61 
 1614      64647276 
 1614      616C7565 
 1614      5F7400
 1615              	.LASF20:
 1616 0244 6F666673 		.ascii	"offset\000"
 1616      657400
ARM GAS  C:\Users\STUDEN~1\AppData\Local\Temp\ccFk24vK.s 			page 39


 1617              	.LASF5:
 1618 024b 73686F72 		.ascii	"short int\000"
 1618      7420696E 
 1618      7400
 1619              	.LASF36:
 1620 0255 43795379 		.ascii	"CySysClkWriteImoFreq\000"
 1620      73436C6B 
 1620      57726974 
 1620      65496D6F 
 1620      46726571 
 1621              	.LASF7:
 1622 026a 6C6F6E67 		.ascii	"long int\000"
 1622      20696E74 
 1622      00
 1623              	.LASF2:
 1624 0273 6C6F6E67 		.ascii	"long double\000"
 1624      20646F75 
 1624      626C6500 
 1625              	.LASF38:
 1626 027f 4379496E 		.ascii	"CyIntEnable\000"
 1626      74456E61 
 1626      626C6500 
 1627              	.LASF3:
 1628 028b 7369676E 		.ascii	"signed char\000"
 1628      65642063 
 1628      68617200 
 1629              	.LASF40:
 1630 0297 47656E65 		.ascii	"Generated_Source\\PSoC4\\cyfitter_cfg.c\000"
 1630      72617465 
 1630      645F536F 
 1630      75726365 
 1630      5C50536F 
 1631              		.ident	"GCC: (GNU Tools for ARM Embedded Processors) 5.4.1 20160609 (release) [ARM/embedded-5-bran
