ARM GAS  C:\Users\STUDEN~1\AppData\Local\Temp\ccaU40jl.s 			page 1


   1              		.syntax unified
   2              		.cpu cortex-m0
   3              		.fpu softvfp
   4              		.eabi_attribute 20, 1
   5              		.eabi_attribute 21, 1
   6              		.eabi_attribute 23, 3
   7              		.eabi_attribute 24, 1
   8              		.eabi_attribute 25, 1
   9              		.eabi_attribute 26, 1
  10              		.eabi_attribute 30, 1
  11              		.eabi_attribute 34, 0
  12              		.eabi_attribute 18, 4
  13              		.thumb
  14              		.syntax unified
  15              		.file	"main.c"
  16              		.text
  17              	.Ltext0:
  18              		.cfi_sections	.debug_frame
  19              		.section	.text.MyInterrupt,"ax",%progbits
  20              		.align	2
  21              		.global	MyInterrupt
  22              		.code	16
  23              		.thumb_func
  24              		.type	MyInterrupt, %function
  25              	MyInterrupt:
  26              	.LFB32:
  27              		.file 1 "main.c"
   1:main.c        **** 
   2:main.c        **** #include "project.h"
   3:main.c        **** 
   4:main.c        **** int i = 0;
   5:main.c        **** 
   6:main.c        **** CY_ISR(MyInterrupt)
   7:main.c        **** { 
  28              		.loc 1 7 0
  29              		.cfi_startproc
  30              		@ args = 0, pretend = 0, frame = 0
  31              		@ frame_needed = 0, uses_anonymous_args = 0
  32 0000 10B5     		push	{r4, lr}
  33              		.cfi_def_cfa_offset 8
  34              		.cfi_offset 4, -8
  35              		.cfi_offset 14, -4
   8:main.c        ****     LCD_lol_Position(1, 7);
  36              		.loc 1 8 0
  37 0002 0721     		movs	r1, #7
  38 0004 0120     		movs	r0, #1
  39 0006 FFF7FEFF 		bl	LCD_lol_Position
  40              	.LVL0:
   9:main.c        ****     LCD_lol_PrintNumber(i++);
  41              		.loc 1 9 0
  42 000a 044B     		ldr	r3, .L2
  43 000c 1868     		ldr	r0, [r3]
  44 000e 421C     		adds	r2, r0, #1
  45 0010 1A60     		str	r2, [r3]
  46 0012 0004     		lsls	r0, r0, #16
  47 0014 000C     		lsrs	r0, r0, #16
  48 0016 FFF7FEFF 		bl	LCD_lol_PrintU32Number
ARM GAS  C:\Users\STUDEN~1\AppData\Local\Temp\ccaU40jl.s 			page 2


  49              	.LVL1:
  10:main.c        **** }
  50              		.loc 1 10 0
  51              		@ sp needed
  52 001a 10BD     		pop	{r4, pc}
  53              	.L3:
  54              		.align	2
  55              	.L2:
  56 001c 00000000 		.word	.LANCHOR0
  57              		.cfi_endproc
  58              	.LFE32:
  59              		.size	MyInterrupt, .-MyInterrupt
  60              		.section	.text.main,"ax",%progbits
  61              		.align	2
  62              		.global	main
  63              		.code	16
  64              		.thumb_func
  65              		.type	main, %function
  66              	main:
  67              	.LFB33:
  11:main.c        **** 
  12:main.c        **** int main(void)
  13:main.c        **** {
  68              		.loc 1 13 0
  69              		.cfi_startproc
  70              		@ Volatile: function does not return.
  71              		@ args = 0, pretend = 0, frame = 0
  72              		@ frame_needed = 0, uses_anonymous_args = 0
  73 0000 10B5     		push	{r4, lr}
  74              		.cfi_def_cfa_offset 8
  75              		.cfi_offset 4, -8
  76              		.cfi_offset 14, -4
  14:main.c        ****     CyGlobalIntEnable; 
  77              		.loc 1 14 0
  78              		.syntax divided
  79              	@ 14 "main.c" 1
  80 0002 62B6     		CPSIE   i
  81              	@ 0 "" 2
  15:main.c        **** 
  16:main.c        ****     Timer_lol_Start();
  82              		.loc 1 16 0
  83              		.thumb
  84              		.syntax unified
  85 0004 FFF7FEFF 		bl	Timer_lol_Start
  86              	.LVL2:
  17:main.c        **** 
  18:main.c        ****         LCD_lol_Init();
  87              		.loc 1 18 0
  88 0008 FFF7FEFF 		bl	LCD_lol_Init
  89              	.LVL3:
  19:main.c        ****         LCD_lol_Position(0, 5);
  90              		.loc 1 19 0
  91 000c 0521     		movs	r1, #5
  92 000e 0020     		movs	r0, #0
  93 0010 FFF7FEFF 		bl	LCD_lol_Position
  94              	.LVL4:
  20:main.c        ****         LCD_lol_PrintString("test");
ARM GAS  C:\Users\STUDEN~1\AppData\Local\Temp\ccaU40jl.s 			page 3


  95              		.loc 1 20 0
  96 0014 0348     		ldr	r0, .L6
  97 0016 FFF7FEFF 		bl	LCD_lol_PrintString
  98              	.LVL5:
  21:main.c        ****         
  22:main.c        ****         isr_lol_StartEx(MyInterrupt);
  99              		.loc 1 22 0
 100 001a 0348     		ldr	r0, .L6+4
 101 001c FFF7FEFF 		bl	isr_lol_StartEx
 102              	.LVL6:
 103              	.L5:
 104 0020 FEE7     		b	.L5
 105              	.L7:
 106 0022 C046     		.align	2
 107              	.L6:
 108 0024 00000000 		.word	.LC1
 109 0028 00000000 		.word	MyInterrupt
 110              		.cfi_endproc
 111              	.LFE33:
 112              		.size	main, .-main
 113              		.global	i
 114              		.section	.rodata.str1.4,"aMS",%progbits,1
 115              		.align	2
 116              	.LC1:
 117 0000 74657374 		.ascii	"test\000"
 117      00
 118              		.bss
 119              		.align	2
 120              		.set	.LANCHOR0,. + 0
 121              		.type	i, %object
 122              		.size	i, 4
 123              	i:
 124 0000 00000000 		.space	4
 125              		.text
 126              	.Letext0:
 127              		.file 2 "Generated_Source\\PSoC4/LCD_lol.h"
 128              		.file 3 "Generated_Source\\PSoC4/Timer_lol.h"
 129              		.file 4 "Generated_Source\\PSoC4/isr_lol.h"
 130              		.file 5 "Generated_Source\\PSoC4/cytypes.h"
 131              		.section	.debug_info,"",%progbits
 132              	.Ldebug_info0:
 133 0000 8D010000 		.4byte	0x18d
 134 0004 0400     		.2byte	0x4
 135 0006 00000000 		.4byte	.Ldebug_abbrev0
 136 000a 04       		.byte	0x4
 137 000b 01       		.uleb128 0x1
 138 000c FB000000 		.4byte	.LASF20
 139 0010 0C       		.byte	0xc
 140 0011 28000000 		.4byte	.LASF21
 141 0015 78000000 		.4byte	.LASF22
 142 0019 00000000 		.4byte	.Ldebug_ranges0+0
 143 001d 00000000 		.4byte	0
 144 0021 00000000 		.4byte	.Ldebug_line0
 145 0025 02       		.uleb128 0x2
 146 0026 01       		.byte	0x1
 147 0027 06       		.byte	0x6
 148 0028 9C010000 		.4byte	.LASF0
ARM GAS  C:\Users\STUDEN~1\AppData\Local\Temp\ccaU40jl.s 			page 4


 149 002c 02       		.uleb128 0x2
 150 002d 01       		.byte	0x1
 151 002e 08       		.byte	0x8
 152 002f B2000000 		.4byte	.LASF1
 153 0033 02       		.uleb128 0x2
 154 0034 02       		.byte	0x2
 155 0035 05       		.byte	0x5
 156 0036 D1010000 		.4byte	.LASF2
 157 003a 02       		.uleb128 0x2
 158 003b 02       		.byte	0x2
 159 003c 07       		.byte	0x7
 160 003d 89010000 		.4byte	.LASF3
 161 0041 02       		.uleb128 0x2
 162 0042 04       		.byte	0x4
 163 0043 05       		.byte	0x5
 164 0044 EB000000 		.4byte	.LASF4
 165 0048 02       		.uleb128 0x2
 166 0049 04       		.byte	0x4
 167 004a 07       		.byte	0x7
 168 004b 44000000 		.4byte	.LASF5
 169 004f 02       		.uleb128 0x2
 170 0050 08       		.byte	0x8
 171 0051 05       		.byte	0x5
 172 0052 00000000 		.4byte	.LASF6
 173 0056 02       		.uleb128 0x2
 174 0057 08       		.byte	0x8
 175 0058 07       		.byte	0x7
 176 0059 56000000 		.4byte	.LASF7
 177 005d 03       		.uleb128 0x3
 178 005e 04       		.byte	0x4
 179 005f 05       		.byte	0x5
 180 0060 696E7400 		.ascii	"int\000"
 181 0064 02       		.uleb128 0x2
 182 0065 04       		.byte	0x4
 183 0066 07       		.byte	0x7
 184 0067 1B000000 		.4byte	.LASF8
 185 006b 04       		.uleb128 0x4
 186 006c DB010000 		.4byte	.LASF23
 187 0070 05       		.byte	0x5
 188 0071 E501     		.2byte	0x1e5
 189 0073 3A000000 		.4byte	0x3a
 190 0077 02       		.uleb128 0x2
 191 0078 04       		.byte	0x4
 192 0079 04       		.byte	0x4
 193 007a 6D000000 		.4byte	.LASF9
 194 007e 02       		.uleb128 0x2
 195 007f 08       		.byte	0x8
 196 0080 04       		.byte	0x4
 197 0081 F4000000 		.4byte	.LASF10
 198 0085 02       		.uleb128 0x2
 199 0086 01       		.byte	0x1
 200 0087 08       		.byte	0x8
 201 0088 73000000 		.4byte	.LASF11
 202 008c 02       		.uleb128 0x2
 203 008d 08       		.byte	0x8
 204 008e 04       		.byte	0x4
 205 008f B4010000 		.4byte	.LASF12
ARM GAS  C:\Users\STUDEN~1\AppData\Local\Temp\ccaU40jl.s 			page 5


 206 0093 02       		.uleb128 0x2
 207 0094 04       		.byte	0x4
 208 0095 07       		.byte	0x7
 209 0096 F2010000 		.4byte	.LASF13
 210 009a 05       		.uleb128 0x5
 211 009b A8010000 		.4byte	.LASF24
 212 009f 01       		.byte	0x1
 213 00a0 06       		.byte	0x6
 214 00a1 00000000 		.4byte	.LFB32
 215 00a5 20000000 		.4byte	.LFE32-.LFB32
 216 00a9 01       		.uleb128 0x1
 217 00aa 9C       		.byte	0x9c
 218 00ab D1000000 		.4byte	0xd1
 219 00af 06       		.uleb128 0x6
 220 00b0 0A000000 		.4byte	.LVL0
 221 00b4 4E010000 		.4byte	0x14e
 222 00b8 C7000000 		.4byte	0xc7
 223 00bc 07       		.uleb128 0x7
 224 00bd 01       		.uleb128 0x1
 225 00be 50       		.byte	0x50
 226 00bf 01       		.uleb128 0x1
 227 00c0 31       		.byte	0x31
 228 00c1 07       		.uleb128 0x7
 229 00c2 01       		.uleb128 0x1
 230 00c3 51       		.byte	0x51
 231 00c4 01       		.uleb128 0x1
 232 00c5 37       		.byte	0x37
 233 00c6 00       		.byte	0
 234 00c7 08       		.uleb128 0x8
 235 00c8 1A000000 		.4byte	.LVL1
 236 00cc 59010000 		.4byte	0x159
 237 00d0 00       		.byte	0
 238 00d1 09       		.uleb128 0x9
 239 00d2 2F000000 		.4byte	.LASF25
 240 00d6 01       		.byte	0x1
 241 00d7 0C       		.byte	0xc
 242 00d8 5D000000 		.4byte	0x5d
 243 00dc 00000000 		.4byte	.LFB33
 244 00e0 2C000000 		.4byte	.LFE33-.LFB33
 245 00e4 01       		.uleb128 0x1
 246 00e5 9C       		.byte	0x9c
 247 00e6 3F010000 		.4byte	0x13f
 248 00ea 08       		.uleb128 0x8
 249 00eb 08000000 		.4byte	.LVL2
 250 00ef 64010000 		.4byte	0x164
 251 00f3 08       		.uleb128 0x8
 252 00f4 0C000000 		.4byte	.LVL3
 253 00f8 6F010000 		.4byte	0x16f
 254 00fc 06       		.uleb128 0x6
 255 00fd 14000000 		.4byte	.LVL4
 256 0101 4E010000 		.4byte	0x14e
 257 0105 14010000 		.4byte	0x114
 258 0109 07       		.uleb128 0x7
 259 010a 01       		.uleb128 0x1
 260 010b 50       		.byte	0x50
 261 010c 01       		.uleb128 0x1
 262 010d 30       		.byte	0x30
ARM GAS  C:\Users\STUDEN~1\AppData\Local\Temp\ccaU40jl.s 			page 6


 263 010e 07       		.uleb128 0x7
 264 010f 01       		.uleb128 0x1
 265 0110 51       		.byte	0x51
 266 0111 01       		.uleb128 0x1
 267 0112 35       		.byte	0x35
 268 0113 00       		.byte	0
 269 0114 06       		.uleb128 0x6
 270 0115 1A000000 		.4byte	.LVL5
 271 0119 7A010000 		.4byte	0x17a
 272 011d 2B010000 		.4byte	0x12b
 273 0121 07       		.uleb128 0x7
 274 0122 01       		.uleb128 0x1
 275 0123 50       		.byte	0x50
 276 0124 05       		.uleb128 0x5
 277 0125 03       		.byte	0x3
 278 0126 00000000 		.4byte	.LC1
 279 012a 00       		.byte	0
 280 012b 0A       		.uleb128 0xa
 281 012c 20000000 		.4byte	.LVL6
 282 0130 85010000 		.4byte	0x185
 283 0134 07       		.uleb128 0x7
 284 0135 01       		.uleb128 0x1
 285 0136 50       		.byte	0x50
 286 0137 05       		.uleb128 0x5
 287 0138 03       		.byte	0x3
 288 0139 00000000 		.4byte	MyInterrupt
 289 013d 00       		.byte	0
 290 013e 00       		.byte	0
 291 013f 0B       		.uleb128 0xb
 292 0140 6900     		.ascii	"i\000"
 293 0142 01       		.byte	0x1
 294 0143 04       		.byte	0x4
 295 0144 5D000000 		.4byte	0x5d
 296 0148 05       		.uleb128 0x5
 297 0149 03       		.byte	0x3
 298 014a 00000000 		.4byte	i
 299 014e 0C       		.uleb128 0xc
 300 014f C0010000 		.4byte	.LASF14
 301 0153 C0010000 		.4byte	.LASF14
 302 0157 02       		.byte	0x2
 303 0158 3D       		.byte	0x3d
 304 0159 0C       		.uleb128 0xc
 305 015a C0000000 		.4byte	.LASF15
 306 015e C0000000 		.4byte	.LASF15
 307 0162 02       		.byte	0x2
 308 0163 61       		.byte	0x61
 309 0164 0C       		.uleb128 0xc
 310 0165 34000000 		.4byte	.LASF16
 311 0169 34000000 		.4byte	.LASF16
 312 016d 03       		.byte	0x3
 313 016e 5A       		.byte	0x5a
 314 016f 0C       		.uleb128 0xc
 315 0170 0E000000 		.4byte	.LASF17
 316 0174 0E000000 		.4byte	.LASF17
 317 0178 02       		.byte	0x2
 318 0179 36       		.byte	0x36
 319 017a 0C       		.uleb128 0xc
ARM GAS  C:\Users\STUDEN~1\AppData\Local\Temp\ccaU40jl.s 			page 7


 320 017b D7000000 		.4byte	.LASF18
 321 017f D7000000 		.4byte	.LASF18
 322 0183 02       		.byte	0x2
 323 0184 3C       		.byte	0x3c
 324 0185 0C       		.uleb128 0xc
 325 0186 E2010000 		.4byte	.LASF19
 326 018a E2010000 		.4byte	.LASF19
 327 018e 04       		.byte	0x4
 328 018f 18       		.byte	0x18
 329 0190 00       		.byte	0
 330              		.section	.debug_abbrev,"",%progbits
 331              	.Ldebug_abbrev0:
 332 0000 01       		.uleb128 0x1
 333 0001 11       		.uleb128 0x11
 334 0002 01       		.byte	0x1
 335 0003 25       		.uleb128 0x25
 336 0004 0E       		.uleb128 0xe
 337 0005 13       		.uleb128 0x13
 338 0006 0B       		.uleb128 0xb
 339 0007 03       		.uleb128 0x3
 340 0008 0E       		.uleb128 0xe
 341 0009 1B       		.uleb128 0x1b
 342 000a 0E       		.uleb128 0xe
 343 000b 55       		.uleb128 0x55
 344 000c 17       		.uleb128 0x17
 345 000d 11       		.uleb128 0x11
 346 000e 01       		.uleb128 0x1
 347 000f 10       		.uleb128 0x10
 348 0010 17       		.uleb128 0x17
 349 0011 00       		.byte	0
 350 0012 00       		.byte	0
 351 0013 02       		.uleb128 0x2
 352 0014 24       		.uleb128 0x24
 353 0015 00       		.byte	0
 354 0016 0B       		.uleb128 0xb
 355 0017 0B       		.uleb128 0xb
 356 0018 3E       		.uleb128 0x3e
 357 0019 0B       		.uleb128 0xb
 358 001a 03       		.uleb128 0x3
 359 001b 0E       		.uleb128 0xe
 360 001c 00       		.byte	0
 361 001d 00       		.byte	0
 362 001e 03       		.uleb128 0x3
 363 001f 24       		.uleb128 0x24
 364 0020 00       		.byte	0
 365 0021 0B       		.uleb128 0xb
 366 0022 0B       		.uleb128 0xb
 367 0023 3E       		.uleb128 0x3e
 368 0024 0B       		.uleb128 0xb
 369 0025 03       		.uleb128 0x3
 370 0026 08       		.uleb128 0x8
 371 0027 00       		.byte	0
 372 0028 00       		.byte	0
 373 0029 04       		.uleb128 0x4
 374 002a 16       		.uleb128 0x16
 375 002b 00       		.byte	0
 376 002c 03       		.uleb128 0x3
ARM GAS  C:\Users\STUDEN~1\AppData\Local\Temp\ccaU40jl.s 			page 8


 377 002d 0E       		.uleb128 0xe
 378 002e 3A       		.uleb128 0x3a
 379 002f 0B       		.uleb128 0xb
 380 0030 3B       		.uleb128 0x3b
 381 0031 05       		.uleb128 0x5
 382 0032 49       		.uleb128 0x49
 383 0033 13       		.uleb128 0x13
 384 0034 00       		.byte	0
 385 0035 00       		.byte	0
 386 0036 05       		.uleb128 0x5
 387 0037 2E       		.uleb128 0x2e
 388 0038 01       		.byte	0x1
 389 0039 3F       		.uleb128 0x3f
 390 003a 19       		.uleb128 0x19
 391 003b 03       		.uleb128 0x3
 392 003c 0E       		.uleb128 0xe
 393 003d 3A       		.uleb128 0x3a
 394 003e 0B       		.uleb128 0xb
 395 003f 3B       		.uleb128 0x3b
 396 0040 0B       		.uleb128 0xb
 397 0041 27       		.uleb128 0x27
 398 0042 19       		.uleb128 0x19
 399 0043 11       		.uleb128 0x11
 400 0044 01       		.uleb128 0x1
 401 0045 12       		.uleb128 0x12
 402 0046 06       		.uleb128 0x6
 403 0047 40       		.uleb128 0x40
 404 0048 18       		.uleb128 0x18
 405 0049 9742     		.uleb128 0x2117
 406 004b 19       		.uleb128 0x19
 407 004c 01       		.uleb128 0x1
 408 004d 13       		.uleb128 0x13
 409 004e 00       		.byte	0
 410 004f 00       		.byte	0
 411 0050 06       		.uleb128 0x6
 412 0051 898201   		.uleb128 0x4109
 413 0054 01       		.byte	0x1
 414 0055 11       		.uleb128 0x11
 415 0056 01       		.uleb128 0x1
 416 0057 31       		.uleb128 0x31
 417 0058 13       		.uleb128 0x13
 418 0059 01       		.uleb128 0x1
 419 005a 13       		.uleb128 0x13
 420 005b 00       		.byte	0
 421 005c 00       		.byte	0
 422 005d 07       		.uleb128 0x7
 423 005e 8A8201   		.uleb128 0x410a
 424 0061 00       		.byte	0
 425 0062 02       		.uleb128 0x2
 426 0063 18       		.uleb128 0x18
 427 0064 9142     		.uleb128 0x2111
 428 0066 18       		.uleb128 0x18
 429 0067 00       		.byte	0
 430 0068 00       		.byte	0
 431 0069 08       		.uleb128 0x8
 432 006a 898201   		.uleb128 0x4109
 433 006d 00       		.byte	0
ARM GAS  C:\Users\STUDEN~1\AppData\Local\Temp\ccaU40jl.s 			page 9


 434 006e 11       		.uleb128 0x11
 435 006f 01       		.uleb128 0x1
 436 0070 31       		.uleb128 0x31
 437 0071 13       		.uleb128 0x13
 438 0072 00       		.byte	0
 439 0073 00       		.byte	0
 440 0074 09       		.uleb128 0x9
 441 0075 2E       		.uleb128 0x2e
 442 0076 01       		.byte	0x1
 443 0077 3F       		.uleb128 0x3f
 444 0078 19       		.uleb128 0x19
 445 0079 03       		.uleb128 0x3
 446 007a 0E       		.uleb128 0xe
 447 007b 3A       		.uleb128 0x3a
 448 007c 0B       		.uleb128 0xb
 449 007d 3B       		.uleb128 0x3b
 450 007e 0B       		.uleb128 0xb
 451 007f 27       		.uleb128 0x27
 452 0080 19       		.uleb128 0x19
 453 0081 49       		.uleb128 0x49
 454 0082 13       		.uleb128 0x13
 455 0083 8701     		.uleb128 0x87
 456 0085 19       		.uleb128 0x19
 457 0086 11       		.uleb128 0x11
 458 0087 01       		.uleb128 0x1
 459 0088 12       		.uleb128 0x12
 460 0089 06       		.uleb128 0x6
 461 008a 40       		.uleb128 0x40
 462 008b 18       		.uleb128 0x18
 463 008c 9742     		.uleb128 0x2117
 464 008e 19       		.uleb128 0x19
 465 008f 01       		.uleb128 0x1
 466 0090 13       		.uleb128 0x13
 467 0091 00       		.byte	0
 468 0092 00       		.byte	0
 469 0093 0A       		.uleb128 0xa
 470 0094 898201   		.uleb128 0x4109
 471 0097 01       		.byte	0x1
 472 0098 11       		.uleb128 0x11
 473 0099 01       		.uleb128 0x1
 474 009a 31       		.uleb128 0x31
 475 009b 13       		.uleb128 0x13
 476 009c 00       		.byte	0
 477 009d 00       		.byte	0
 478 009e 0B       		.uleb128 0xb
 479 009f 34       		.uleb128 0x34
 480 00a0 00       		.byte	0
 481 00a1 03       		.uleb128 0x3
 482 00a2 08       		.uleb128 0x8
 483 00a3 3A       		.uleb128 0x3a
 484 00a4 0B       		.uleb128 0xb
 485 00a5 3B       		.uleb128 0x3b
 486 00a6 0B       		.uleb128 0xb
 487 00a7 49       		.uleb128 0x49
 488 00a8 13       		.uleb128 0x13
 489 00a9 3F       		.uleb128 0x3f
 490 00aa 19       		.uleb128 0x19
ARM GAS  C:\Users\STUDEN~1\AppData\Local\Temp\ccaU40jl.s 			page 10


 491 00ab 02       		.uleb128 0x2
 492 00ac 18       		.uleb128 0x18
 493 00ad 00       		.byte	0
 494 00ae 00       		.byte	0
 495 00af 0C       		.uleb128 0xc
 496 00b0 2E       		.uleb128 0x2e
 497 00b1 00       		.byte	0
 498 00b2 3F       		.uleb128 0x3f
 499 00b3 19       		.uleb128 0x19
 500 00b4 3C       		.uleb128 0x3c
 501 00b5 19       		.uleb128 0x19
 502 00b6 6E       		.uleb128 0x6e
 503 00b7 0E       		.uleb128 0xe
 504 00b8 03       		.uleb128 0x3
 505 00b9 0E       		.uleb128 0xe
 506 00ba 3A       		.uleb128 0x3a
 507 00bb 0B       		.uleb128 0xb
 508 00bc 3B       		.uleb128 0x3b
 509 00bd 0B       		.uleb128 0xb
 510 00be 00       		.byte	0
 511 00bf 00       		.byte	0
 512 00c0 00       		.byte	0
 513              		.section	.debug_aranges,"",%progbits
 514 0000 24000000 		.4byte	0x24
 515 0004 0200     		.2byte	0x2
 516 0006 00000000 		.4byte	.Ldebug_info0
 517 000a 04       		.byte	0x4
 518 000b 00       		.byte	0
 519 000c 0000     		.2byte	0
 520 000e 0000     		.2byte	0
 521 0010 00000000 		.4byte	.LFB32
 522 0014 20000000 		.4byte	.LFE32-.LFB32
 523 0018 00000000 		.4byte	.LFB33
 524 001c 2C000000 		.4byte	.LFE33-.LFB33
 525 0020 00000000 		.4byte	0
 526 0024 00000000 		.4byte	0
 527              		.section	.debug_ranges,"",%progbits
 528              	.Ldebug_ranges0:
 529 0000 00000000 		.4byte	.LFB32
 530 0004 20000000 		.4byte	.LFE32
 531 0008 00000000 		.4byte	.LFB33
 532 000c 2C000000 		.4byte	.LFE33
 533 0010 00000000 		.4byte	0
 534 0014 00000000 		.4byte	0
 535              		.section	.debug_line,"",%progbits
 536              	.Ldebug_line0:
 537 0000 95000000 		.section	.debug_str,"MS",%progbits,1
 537      02006A00 
 537      00000201 
 537      FB0E0D00 
 537      01010101 
 538              	.LASF6:
 539 0000 6C6F6E67 		.ascii	"long long int\000"
 539      206C6F6E 
 539      6720696E 
 539      7400
 540              	.LASF17:
ARM GAS  C:\Users\STUDEN~1\AppData\Local\Temp\ccaU40jl.s 			page 11


 541 000e 4C43445F 		.ascii	"LCD_lol_Init\000"
 541      6C6F6C5F 
 541      496E6974 
 541      00
 542              	.LASF8:
 543 001b 756E7369 		.ascii	"unsigned int\000"
 543      676E6564 
 543      20696E74 
 543      00
 544              	.LASF21:
 545 0028 6D61696E 		.ascii	"main.c\000"
 545      2E6300
 546              	.LASF25:
 547 002f 6D61696E 		.ascii	"main\000"
 547      00
 548              	.LASF16:
 549 0034 54696D65 		.ascii	"Timer_lol_Start\000"
 549      725F6C6F 
 549      6C5F5374 
 549      61727400 
 550              	.LASF5:
 551 0044 6C6F6E67 		.ascii	"long unsigned int\000"
 551      20756E73 
 551      69676E65 
 551      6420696E 
 551      7400
 552              	.LASF7:
 553 0056 6C6F6E67 		.ascii	"long long unsigned int\000"
 553      206C6F6E 
 553      6720756E 
 553      7369676E 
 553      65642069 
 554              	.LASF9:
 555 006d 666C6F61 		.ascii	"float\000"
 555      7400
 556              	.LASF11:
 557 0073 63686172 		.ascii	"char\000"
 557      00
 558              	.LASF22:
 559 0078 433A5C55 		.ascii	"C:\\Users\\Student_2\\Desktop\\Timer_lab\\Timer_lab"
 559      73657273 
 559      5C537475 
 559      64656E74 
 559      5F325C44 
 560 00a6 5F4B756E 		.ascii	"_Kunc.cydsn\000"
 560      632E6379 
 560      64736E00 
 561              	.LASF1:
 562 00b2 756E7369 		.ascii	"unsigned char\000"
 562      676E6564 
 562      20636861 
 562      7200
 563              	.LASF15:
 564 00c0 4C43445F 		.ascii	"LCD_lol_PrintU32Number\000"
 564      6C6F6C5F 
 564      5072696E 
 564      74553332 
ARM GAS  C:\Users\STUDEN~1\AppData\Local\Temp\ccaU40jl.s 			page 12


 564      4E756D62 
 565              	.LASF18:
 566 00d7 4C43445F 		.ascii	"LCD_lol_PrintString\000"
 566      6C6F6C5F 
 566      5072696E 
 566      74537472 
 566      696E6700 
 567              	.LASF4:
 568 00eb 6C6F6E67 		.ascii	"long int\000"
 568      20696E74 
 568      00
 569              	.LASF10:
 570 00f4 646F7562 		.ascii	"double\000"
 570      6C6500
 571              	.LASF20:
 572 00fb 474E5520 		.ascii	"GNU C11 5.4.1 20160609 (release) [ARM/embedded-5-br"
 572      43313120 
 572      352E342E 
 572      31203230 
 572      31363036 
 573 012e 616E6368 		.ascii	"anch revision 237715] -mcpu=cortex-m0 -mthumb -g -O"
 573      20726576 
 573      6973696F 
 573      6E203233 
 573      37373135 
 574 0161 67202D66 		.ascii	"g -ffunction-sections -ffat-lto-objects\000"
 574      66756E63 
 574      74696F6E 
 574      2D736563 
 574      74696F6E 
 575              	.LASF3:
 576 0189 73686F72 		.ascii	"short unsigned int\000"
 576      7420756E 
 576      7369676E 
 576      65642069 
 576      6E7400
 577              	.LASF0:
 578 019c 7369676E 		.ascii	"signed char\000"
 578      65642063 
 578      68617200 
 579              	.LASF24:
 580 01a8 4D79496E 		.ascii	"MyInterrupt\000"
 580      74657272 
 580      75707400 
 581              	.LASF12:
 582 01b4 6C6F6E67 		.ascii	"long double\000"
 582      20646F75 
 582      626C6500 
 583              	.LASF14:
 584 01c0 4C43445F 		.ascii	"LCD_lol_Position\000"
 584      6C6F6C5F 
 584      506F7369 
 584      74696F6E 
 584      00
 585              	.LASF2:
 586 01d1 73686F72 		.ascii	"short int\000"
 586      7420696E 
ARM GAS  C:\Users\STUDEN~1\AppData\Local\Temp\ccaU40jl.s 			page 13


 586      7400
 587              	.LASF23:
 588 01db 75696E74 		.ascii	"uint16\000"
 588      313600
 589              	.LASF19:
 590 01e2 6973725F 		.ascii	"isr_lol_StartEx\000"
 590      6C6F6C5F 
 590      53746172 
 590      74457800 
 591              	.LASF13:
 592 01f2 73697A65 		.ascii	"sizetype\000"
 592      74797065 
 592      00
 593              		.ident	"GCC: (GNU Tools for ARM Embedded Processors) 5.4.1 20160609 (release) [ARM/embedded-5-bran
